Using pre-set license
Built from '2022.3/staging' branch; Version is '2022.3.40f1 (cbdda657d2f0) revision 13360550'; Using compiler version '192829333'; Build Type 'Release'
OS: 'Windows 11  (10.0.26100) 64bit Core' Language: 'zh' Physical Memory: 32378 MB
BatchMode: 1, IsHumanControllingUs: 0, StartBugReporterOnCrash: 0, Is64bit: 1, IsPro: 1

COMMAND LINE ARGUMENTS:
C:\Program Files\Unity\Hub\Editor\2022.3.40f1\Editor\Unity.exe
-adb2
-batchMode
-noUpm
-name
AssetImportWorker0
-projectPath
C:/Users/p0910/Documents/UNITY/AITalk2
-logFile
Logs/AssetImportWorker0.log
-srvPort
54134
Successfully changed project path to: C:/Users/p0910/Documents/UNITY/AITalk2
C:/Users/p0910/Documents/UNITY/AITalk2
[UnityMemory] Configuration Parameters - Can be set up in boot.config
    "memorysetup-bucket-allocator-granularity=16"
    "memorysetup-bucket-allocator-bucket-count=8"
    "memorysetup-bucket-allocator-block-size=33554432"
    "memorysetup-bucket-allocator-block-count=8"
    "memorysetup-main-allocator-block-size=16777216"
    "memorysetup-thread-allocator-block-size=16777216"
    "memorysetup-gfx-main-allocator-block-size=16777216"
    "memorysetup-gfx-thread-allocator-block-size=16777216"
    "memorysetup-cache-allocator-block-size=4194304"
    "memorysetup-typetree-allocator-block-size=2097152"
    "memorysetup-profiler-bucket-allocator-granularity=16"
    "memorysetup-profiler-bucket-allocator-bucket-count=8"
    "memorysetup-profiler-bucket-allocator-block-size=33554432"
    "memorysetup-profiler-bucket-allocator-block-count=8"
    "memorysetup-profiler-allocator-block-size=16777216"
    "memorysetup-profiler-editor-allocator-block-size=1048576"
    "memorysetup-temp-allocator-size-main=16777216"
    "memorysetup-job-temp-allocator-block-size=2097152"
    "memorysetup-job-temp-allocator-block-size-background=1048576"
    "memorysetup-job-temp-allocator-reduction-small-platforms=262144"
    "memorysetup-allocator-temp-initial-block-size-main=262144"
    "memorysetup-allocator-temp-initial-block-size-worker=262144"
    "memorysetup-temp-allocator-size-background-worker=32768"
    "memorysetup-temp-allocator-size-job-worker=262144"
    "memorysetup-temp-allocator-size-preload-manager=33554432"
    "memorysetup-temp-allocator-size-nav-mesh-worker=65536"
    "memorysetup-temp-allocator-size-audio-worker=65536"
    "memorysetup-temp-allocator-size-cloud-worker=32768"
    "memorysetup-temp-allocator-size-gi-baking-worker=262144"
    "memorysetup-temp-allocator-size-gfx=262144"
Player connection [38620]  Target information:

Player connection [38620]  * "[IP] 192.168.9.18 [Port] 0 [Flags] 2 [Guid] 3546911674 [EditorId] 3546911674 [Version] 1048832 [Id] WindowsEditor(7,ruby0203) [Debug] 1 [PackageName] WindowsEditor [ProjectName] Editor" 

Player connection [38620] Host joined multi-casting on [225.0.0.222:54997]...
Player connection [38620] Host joined alternative multi-casting on [225.0.0.222:34997]...
[PhysX] Initialized MultithreadedTaskDispatcher with 32 workers.
Refreshing native plugins compatible for Editor in 5.63 ms, found 3 plugins.
Preloading 0 native plugins for Editor in 0.00 ms.
Initialize engine version: 2022.3.40f1 (cbdda657d2f0)
[Subsystems] Discovering subsystems at path C:/Program Files/Unity/Hub/Editor/2022.3.40f1/Editor/Data/Resources/UnitySubsystems
[Subsystems] Discovering subsystems at path C:/Users/p0910/Documents/UNITY/AITalk2/Assets
GfxDevice: creating device client; threaded=0; jobified=0
Direct3D:
    Version:  Direct3D 11.0 [level 11.1]
    Renderer: NVIDIA GeForce RTX 4060 Laptop GPU (ID=0x28e0)
    Vendor:   NVIDIA
    VRAM:     7957 MB
    Driver:   32.0.15.5597
Initialize mono
Mono path[0] = 'C:/Program Files/Unity/Hub/Editor/2022.3.40f1/Editor/Data/Managed'
Mono path[1] = 'C:/Program Files/Unity/Hub/Editor/2022.3.40f1/Editor/Data/MonoBleedingEdge/lib/mono/unityjit-win32'
Mono config path = 'C:/Program Files/Unity/Hub/Editor/2022.3.40f1/Editor/Data/MonoBleedingEdge/etc'
Using monoOptions --debugger-agent=transport=dt_socket,embedding=1,server=y,suspend=n,address=127.0.0.1:56772
Begin MonoManager ReloadAssembly
Registering precompiled unity dll's ...
Register platform support module: C:/Program Files/Unity/Hub/Editor/2022.3.40f1/Editor/Data/PlaybackEngines/AndroidPlayer/UnityEditor.Android.Extensions.dll
Register platform support module: C:/Program Files/Unity/Hub/Editor/2022.3.40f1/Editor/Data/PlaybackEngines/WindowsStandaloneSupport/UnityEditor.WindowsStandalone.Extensions.dll
Registered in 0.005994 seconds.
- Loaded All Assemblies, in  0.229 seconds
Native extension for WindowsStandalone target not found
Native extension for Android target not found
Mono: successfully reloaded assembly
- Finished resetting the current domain, in  0.193 seconds
Domain Reload Profiling: 421ms
	BeginReloadAssembly (65ms)
		ExecutionOrderSort (0ms)
		DisableScriptedObjects (0ms)
		BackupInstance (0ms)
		ReleaseScriptingObjects (0ms)
		CreateAndSetChildDomain (1ms)
	RebuildCommonClasses (20ms)
	RebuildNativeTypeToScriptingClass (6ms)
	initialDomainReloadingComplete (39ms)
	LoadAllAssembliesAndSetupDomain (97ms)
		LoadAssemblies (64ms)
		RebuildTransferFunctionScriptingTraits (0ms)
		AnalyzeDomain (96ms)
			TypeCache.Refresh (95ms)
				TypeCache.ScanAssembly (86ms)
			ScanForSourceGeneratedMonoScriptInfo (0ms)
			ResolveRequiredComponents (0ms)
	FinalizeReload (193ms)
		ReleaseScriptCaches (0ms)
		RebuildScriptCaches (0ms)
		SetupLoadedEditorAssemblies (164ms)
			LogAssemblyErrors (0ms)
			InitializePlatformSupportModulesInManaged (57ms)
			SetLoadedEditorAssemblies (3ms)
			RefreshPlugins (0ms)
			BeforeProcessingInitializeOnLoad (1ms)
			ProcessInitializeOnLoadAttributes (73ms)
			ProcessInitializeOnLoadMethodAttributes (30ms)
			AfterProcessingInitializeOnLoad (0ms)
			EditorAssembliesLoaded (0ms)
		ExecutionOrderSort2 (0ms)
		AwakeInstancesAfterBackupRestoration (0ms)
========================================================================
Worker process is ready to serve import requests
Caller must complete domain reload
Begin MonoManager ReloadAssembly
- Loaded All Assemblies, in  0.524 seconds
Native extension for WindowsStandalone target not found
Native extension for Android target not found
Mono: successfully reloaded assembly
- Finished resetting the current domain, in  0.410 seconds
Domain Reload Profiling: 926ms
	BeginReloadAssembly (91ms)
		ExecutionOrderSort (0ms)
		DisableScriptedObjects (3ms)
		BackupInstance (0ms)
		ReleaseScriptingObjects (0ms)
		CreateAndSetChildDomain (13ms)
	RebuildCommonClasses (21ms)
	RebuildNativeTypeToScriptingClass (6ms)
	initialDomainReloadingComplete (28ms)
	LoadAllAssembliesAndSetupDomain (369ms)
		LoadAssemblies (298ms)
		RebuildTransferFunctionScriptingTraits (0ms)
		AnalyzeDomain (125ms)
			TypeCache.Refresh (109ms)
				TypeCache.ScanAssembly (98ms)
			ScanForSourceGeneratedMonoScriptInfo (11ms)
			ResolveRequiredComponents (4ms)
	FinalizeReload (411ms)
		ReleaseScriptCaches (0ms)
		RebuildScriptCaches (0ms)
		SetupLoadedEditorAssemblies (323ms)
			LogAssemblyErrors (0ms)
			InitializePlatformSupportModulesInManaged (17ms)
			SetLoadedEditorAssemblies (2ms)
			RefreshPlugins (0ms)
			BeforeProcessingInitializeOnLoad (41ms)
			ProcessInitializeOnLoadAttributes (243ms)
			ProcessInitializeOnLoadMethodAttributes (14ms)
			AfterProcessingInitializeOnLoad (6ms)
			EditorAssembliesLoaded (0ms)
		ExecutionOrderSort2 (0ms)
		AwakeInstancesAfterBackupRestoration (4ms)
Launched and connected shader compiler UnityShaderCompiler.exe after 0.05 seconds
Refreshing native plugins compatible for Editor in 3.47 ms, found 3 plugins.
Preloading 0 native plugins for Editor in 0.00 ms.
Unloading 3884 Unused Serialized files (Serialized files now loaded: 0)
Unloading 32 unused Assets / (128.6 KB). Loaded Objects now: 4356.
Memory consumption went from 150.7 MB to 150.6 MB.
Total: 2.860400 ms (FindLiveObjects: 0.176700 ms CreateObjectMapping: 0.049800 ms MarkObjects: 2.539400 ms  DeleteObjects: 0.093600 ms)

AssetImportParameters requested are different than current active one (requested -> active):
  custom:container-demuxer-ogg: 62fdf1f143b41e24485cea50d1cbac27 -> 
  custom:video-codec-MediaFoundation-h265: 746d11721c4dcdbdad8f713fa42b33f4 -> 
  custom:video-decoder-ogg-theora: a1e56fd34408186e4bbccfd4996cb3dc -> 
  custom:framework-win-MediaFoundation: 216162199b28c13a410421893ffa2e32 -> 
  custom:CustomObjectIndexerAttribute: 9a22284fe3817be447336de3de66b15e -> 
  custom:container-demuxer-webm: 4f35f7cbe854078d1ac9338744f61a02 -> 
  custom:container-muxer-webm: aa71ff27fc2769a1b78a27578f13a17b -> 
  custom:video-decoder-webm-vp8: 9c59270c3fd7afecdb556c50c9e8de78 -> 
  custom:SearchIndexIgnoredProperties: e643bd26f0fe6173181afceb89e7c659 -> 
  custom:AudioImporter_EditorPlatform: d09bf68614088b80899f8185d706f6e7 -> 
  custom:video-encoder-webm-vp8: eb34c28f22e8b96e1ab97ce403110664 -> 
  custom:audio-decoder-ogg-vorbis: bf7c407c2cedff20999df2af8eb42d56 -> 
  custom:audio-encoder-webm-vorbis: bf7c407c2cedff20999df2af8eb42d56 -> 
========================================================================
Received Import Request.
  Time since last request: 1775449.926872 seconds.
  path: Assets/場景/床.fbx
  artifactKey: Guid(452662e6e78d5c94abe2f3dcba756c51) Importer(815301076,1909f56bfc062723c751e8b465ee728b)
Start importing Assets/場景/床.fbx using Guid(452662e6e78d5c94abe2f3dcba756c51) Importer(815301076,1909f56bfc062723c751e8b465ee728b) [PhysX] Initialized MultithreadedTaskDispatcher with 32 workers.
[PhysX] Initialized MultithreadedTaskDispatcher with 32 workers.
[PhysX] Initialized MultithreadedTaskDispatcher with 32 workers.
[PhysX] Initialized MultithreadedTaskDispatcher with 32 workers.
[PhysX] Initialized MultithreadedTaskDispatcher with 32 workers.
[PhysX] Initialized MultithreadedTaskDispatcher with 32 workers.
[PhysX] Initialized MultithreadedTaskDispatcher with 32 workers.
[PhysX] Initialized MultithreadedTaskDispatcher with 32 workers.
[PhysX] Initialized MultithreadedTaskDispatcher with 32 workers.
[PhysX] Initialized MultithreadedTaskDispatcher with 32 workers.
[PhysX] Initialized MultithreadedTaskDispatcher with 32 workers.
[PhysX] Initialized MultithreadedTaskDispatcher with 32 workers.
[PhysX] Initialized MultithreadedTaskDispatcher with 32 workers.
[PhysX] Initialized MultithreadedTaskDispatcher with 32 workers.
 -> (artifact id: '047952243ba93b1865deb35645bbc0f5') in 0.128963 seconds
Number of updated asset objects reloaded before import = 0
Number of asset objects unloaded after import = 18
========================================================================
Received Import Request.
  Time since last request: 126.465879 seconds.
  path: Assets/場景/窗簾.fbx
  artifactKey: Guid(467f0f7eafe551f44bc453beb12b5d06) Importer(815301076,1909f56bfc062723c751e8b465ee728b)
Start importing Assets/場景/窗簾.fbx using Guid(467f0f7eafe551f44bc453beb12b5d06) Importer(815301076,1909f56bfc062723c751e8b465ee728b) [PhysX] Initialized MultithreadedTaskDispatcher with 32 workers.
[PhysX] Initialized MultithreadedTaskDispatcher with 32 workers.
[PhysX] Initialized MultithreadedTaskDispatcher with 32 workers.
[PhysX] Initialized MultithreadedTaskDispatcher with 32 workers.
 -> (artifact id: 'bb073700d41d438510b039399f5654a7') in 0.106696 seconds
Number of updated asset objects reloaded before import = 0
Number of asset objects unloaded after import = 9
========================================================================
Received Import Request.
  Time since last request: 184.199842 seconds.
  path: Assets/場景/床.fbx
  artifactKey: Guid(452662e6e78d5c94abe2f3dcba756c51) Importer(815301076,1909f56bfc062723c751e8b465ee728b)
Start importing Assets/場景/床.fbx using Guid(452662e6e78d5c94abe2f3dcba756c51) Importer(815301076,1909f56bfc062723c751e8b465ee728b) [PhysX] Initialized MultithreadedTaskDispatcher with 32 workers.
[PhysX] Initialized MultithreadedTaskDispatcher with 32 workers.
[PhysX] Initialized MultithreadedTaskDispatcher with 32 workers.
[PhysX] Initialized MultithreadedTaskDispatcher with 32 workers.
[PhysX] Initialized MultithreadedTaskDispatcher with 32 workers.
[PhysX] Initialized MultithreadedTaskDispatcher with 32 workers.
[PhysX] Initialized MultithreadedTaskDispatcher with 32 workers.
[PhysX] Initialized MultithreadedTaskDispatcher with 32 workers.
[PhysX] Initialized MultithreadedTaskDispatcher with 32 workers.
 -> (artifact id: '1a017a61ba702564d0c65ef7d4a60cd4') in 0.121234 seconds
Number of updated asset objects reloaded before import = 0
Number of asset objects unloaded after import = 26
========================================================================
Received Import Request.
  Time since last request: 17.547030 seconds.
  path: Assets/場景/房間
  artifactKey: Guid(aecc7ecd223d4fe47b424ace82cd1f5d) Importer(815301076,1909f56bfc062723c751e8b465ee728b)
Start importing Assets/場景/房間 using Guid(aecc7ecd223d4fe47b424ace82cd1f5d) Importer(815301076,1909f56bfc062723c751e8b465ee728b) [PhysX] Initialized MultithreadedTaskDispatcher with 32 workers.
 -> (artifact id: 'fe28cf803ebd26d9cb6edbbd6dca7585') in 0.002802 seconds
Number of updated asset objects reloaded before import = 0
Number of asset objects unloaded after import = 0
========================================================================
Received Import Request.
  Time since last request: 0.086239 seconds.
  path: Assets/場景/房間/1.jpg
  artifactKey: Guid(74c97e52109cb7a4091bae62c549eebc) Importer(815301076,1909f56bfc062723c751e8b465ee728b)
Start importing Assets/場景/房間/1.jpg using Guid(74c97e52109cb7a4091bae62c549eebc) Importer(815301076,1909f56bfc062723c751e8b465ee728b) [PhysX] Initialized MultithreadedTaskDispatcher with 32 workers.
[PhysX] Initialized MultithreadedTaskDispatcher with 32 workers.
 -> (artifact id: '50b7e55e8aed9ceba87958a62e4024f6') in 0.040505 seconds
Number of updated asset objects reloaded before import = 0
Number of asset objects unloaded after import = 2
========================================================================
Received Import Request.
  Time since last request: 0.336825 seconds.
  path: Assets/場景/房間/buer230315A011.jpg
  artifactKey: Guid(fda8d3d32e48a29479faa6fdff1df4b3) Importer(815301076,1909f56bfc062723c751e8b465ee728b)
Start importing Assets/場景/房間/buer230315A011.jpg using Guid(fda8d3d32e48a29479faa6fdff1df4b3) Importer(815301076,1909f56bfc062723c751e8b465ee728b) [PhysX] Initialized MultithreadedTaskDispatcher with 32 workers.
[PhysX] Initialized MultithreadedTaskDispatcher with 32 workers.
 -> (artifact id: '24fb5d9fb767e2484f8e6ee94ca75525') in 0.006429 seconds
Number of updated asset objects reloaded before import = 0
Number of asset objects unloaded after import = 2
========================================================================
Received Import Request.
  Time since last request: 0.000011 seconds.
  path: Assets/場景/房間/Image_0.013.jpg
  artifactKey: Guid(e1672f1eab150d54aa4eae37cc48c247) Importer(815301076,1909f56bfc062723c751e8b465ee728b)
Start importing Assets/場景/房間/Image_0.013.jpg using Guid(e1672f1eab150d54aa4eae37cc48c247) Importer(815301076,1909f56bfc062723c751e8b465ee728b) [PhysX] Initialized MultithreadedTaskDispatcher with 32 workers.
[PhysX] Initialized MultithreadedTaskDispatcher with 32 workers.
 -> (artifact id: '531415b9cf4fbb858148c7c4fecea7eb') in 0.011221 seconds
Number of updated asset objects reloaded before import = 0
Number of asset objects unloaded after import = 2
========================================================================
Received Import Request.
  Time since last request: 0.000015 seconds.
  path: Assets/場景/房間/Image_1.006.png
  artifactKey: Guid(e0c2ecbc2e4ef04409f40051af54482a) Importer(815301076,1909f56bfc062723c751e8b465ee728b)
Start importing Assets/場景/房間/Image_1.006.png using Guid(e0c2ecbc2e4ef04409f40051af54482a) Importer(815301076,1909f56bfc062723c751e8b465ee728b) [PhysX] Initialized MultithreadedTaskDispatcher with 32 workers.
[PhysX] Initialized MultithreadedTaskDispatcher with 32 workers.
 -> (artifact id: '68d06768260de366df0fc7cf6a320a1d') in 0.015319 seconds
Number of updated asset objects reloaded before import = 0
Number of asset objects unloaded after import = 2
========================================================================
Received Import Request.
  Time since last request: 0.000012 seconds.
  path: Assets/場景/房間/Image_0.033.png
  artifactKey: Guid(86d54395a127ce44ab91cc7066a65456) Importer(815301076,1909f56bfc062723c751e8b465ee728b)
Start importing Assets/場景/房間/Image_0.033.png using Guid(86d54395a127ce44ab91cc7066a65456) Importer(815301076,1909f56bfc062723c751e8b465ee728b) [PhysX] Initialized MultithreadedTaskDispatcher with 32 workers.
[PhysX] Initialized MultithreadedTaskDispatcher with 32 workers.
 -> (artifact id: '9ddbb9140a57dd6033965667cbe86c37') in 0.008149 seconds
Number of updated asset objects reloaded before import = 0
Number of asset objects unloaded after import = 2
========================================================================
Received Import Request.
  Time since last request: 0.000012 seconds.
  path: Assets/場景/房間/Image_0.012.jpg
  artifactKey: Guid(f73206554cb64574188adbec136e5be7) Importer(815301076,1909f56bfc062723c751e8b465ee728b)
Start importing Assets/場景/房間/Image_0.012.jpg using Guid(f73206554cb64574188adbec136e5be7) Importer(815301076,1909f56bfc062723c751e8b465ee728b) [PhysX] Initialized MultithreadedTaskDispatcher with 32 workers.
[PhysX] Initialized MultithreadedTaskDispatcher with 32 workers.
 -> (artifact id: '81383669c8f48982f49b6cef87ccf293') in 0.012234 seconds
Number of updated asset objects reloaded before import = 0
Number of asset objects unloaded after import = 2
========================================================================
Received Import Request.
  Time since last request: 0.000012 seconds.
  path: Assets/場景/房間/Image_3.007.png
  artifactKey: Guid(64eeb22f8bd2d7b49bd1549a901591d7) Importer(815301076,1909f56bfc062723c751e8b465ee728b)
Start importing Assets/場景/房間/Image_3.007.png using Guid(64eeb22f8bd2d7b49bd1549a901591d7) Importer(815301076,1909f56bfc062723c751e8b465ee728b) [PhysX] Initialized MultithreadedTaskDispatcher with 32 workers.
[PhysX] Initialized MultithreadedTaskDispatcher with 32 workers.
 -> (artifact id: 'd1d3d696b9cc5763a2e1607930a9c35e') in 0.017395 seconds
Number of updated asset objects reloaded before import = 0
Number of asset objects unloaded after import = 2
========================================================================
Received Import Request.
  Time since last request: 0.000015 seconds.
  path: Assets/場景/房間/buer230315A013.jpg
  artifactKey: Guid(397112add9a15b24c993da7a33714ff3) Importer(815301076,1909f56bfc062723c751e8b465ee728b)
Start importing Assets/場景/房間/buer230315A013.jpg using Guid(397112add9a15b24c993da7a33714ff3) Importer(815301076,1909f56bfc062723c751e8b465ee728b) [PhysX] Initialized MultithreadedTaskDispatcher with 32 workers.
[PhysX] Initialized MultithreadedTaskDispatcher with 32 workers.
 -> (artifact id: '27cf4a576a92120b3e2fb9795ba473db') in 0.007594 seconds
Number of updated asset objects reloaded before import = 0
Number of asset objects unloaded after import = 2
========================================================================
Received Import Request.
  Time since last request: 0.000011 seconds.
  path: Assets/場景/房間/Image_1.019.png
  artifactKey: Guid(c81dd1bfb22ffc24f8f7013967a8f487) Importer(815301076,1909f56bfc062723c751e8b465ee728b)
Start importing Assets/場景/房間/Image_1.019.png using Guid(c81dd1bfb22ffc24f8f7013967a8f487) Importer(815301076,1909f56bfc062723c751e8b465ee728b) [PhysX] Initialized MultithreadedTaskDispatcher with 32 workers.
[PhysX] Initialized MultithreadedTaskDispatcher with 32 workers.
 -> (artifact id: '680d944a71fc7293889cc7ef0ded789f') in 0.023919 seconds
Number of updated asset objects reloaded before import = 0
Number of asset objects unloaded after import = 2
========================================================================
Received Import Request.
  Time since last request: 0.000013 seconds.
  path: Assets/場景/房間/Image_2.008.png
  artifactKey: Guid(2b01e7bb0df6311499711b5bfbd9a7cc) Importer(815301076,1909f56bfc062723c751e8b465ee728b)
Start importing Assets/場景/房間/Image_2.008.png using Guid(2b01e7bb0df6311499711b5bfbd9a7cc) Importer(815301076,1909f56bfc062723c751e8b465ee728b) [PhysX] Initialized MultithreadedTaskDispatcher with 32 workers.
[PhysX] Initialized MultithreadedTaskDispatcher with 32 workers.
 -> (artifact id: '3fe8fff43492fdc55cb5490acc77c089') in 0.014586 seconds
Number of updated asset objects reloaded before import = 0
Number of asset objects unloaded after import = 2
========================================================================
Received Import Request.
  Time since last request: 0.000088 seconds.
  path: Assets/場景/房間/buer230315A012.jpg
  artifactKey: Guid(d025234eb141e40478726992239c5b20) Importer(815301076,1909f56bfc062723c751e8b465ee728b)
Start importing Assets/場景/房間/buer230315A012.jpg using Guid(d025234eb141e40478726992239c5b20) Importer(815301076,1909f56bfc062723c751e8b465ee728b) [PhysX] Initialized MultithreadedTaskDispatcher with 32 workers.
[PhysX] Initialized MultithreadedTaskDispatcher with 32 workers.
 -> (artifact id: 'c623dcac6d5abb2fe318c6a35b1e4dbc') in 0.012405 seconds
Number of updated asset objects reloaded before import = 0
Number of asset objects unloaded after import = 2
========================================================================
Received Import Request.
  Time since last request: 0.000014 seconds.
  path: Assets/場景/房間/Image_1.016.jpg
  artifactKey: Guid(34571109faa7f43489015bf978daac6b) Importer(815301076,1909f56bfc062723c751e8b465ee728b)
Start importing Assets/場景/房間/Image_1.016.jpg using Guid(34571109faa7f43489015bf978daac6b) Importer(815301076,1909f56bfc062723c751e8b465ee728b) [PhysX] Initialized MultithreadedTaskDispatcher with 32 workers.
[PhysX] Initialized MultithreadedTaskDispatcher with 32 workers.
 -> (artifact id: 'fe7ac89052130c7a09aca864d7212f6e') in 0.006767 seconds
Number of updated asset objects reloaded before import = 0
Number of asset objects unloaded after import = 2
========================================================================
Received Import Request.
  Time since last request: 0.000012 seconds.
  path: Assets/場景/房間/Image_0.009.png
  artifactKey: Guid(cc43d8d5bdedc9c459b958d0919df82f) Importer(815301076,1909f56bfc062723c751e8b465ee728b)
Start importing Assets/場景/房間/Image_0.009.png using Guid(cc43d8d5bdedc9c459b958d0919df82f) Importer(815301076,1909f56bfc062723c751e8b465ee728b) [PhysX] Initialized MultithreadedTaskDispatcher with 32 workers.
[PhysX] Initialized MultithreadedTaskDispatcher with 32 workers.
 -> (artifact id: '6fcce152936dca89ff8d992be58310de') in 0.007011 seconds
Number of updated asset objects reloaded before import = 0
Number of asset objects unloaded after import = 2
========================================================================
Received Import Request.
  Time since last request: 0.000012 seconds.
  path: Assets/場景/房間/Image_0.020.png
  artifactKey: Guid(9fcfcf07045939a4091c30d10a3af558) Importer(815301076,1909f56bfc062723c751e8b465ee728b)
Start importing Assets/場景/房間/Image_0.020.png using Guid(9fcfcf07045939a4091c30d10a3af558) Importer(815301076,1909f56bfc062723c751e8b465ee728b) [PhysX] Initialized MultithreadedTaskDispatcher with 32 workers.
[PhysX] Initialized MultithreadedTaskDispatcher with 32 workers.
 -> (artifact id: '385ba01dc29f05d7628d6164a24bbc07') in 0.011877 seconds
Number of updated asset objects reloaded before import = 0
Number of asset objects unloaded after import = 2
========================================================================
Received Import Request.
  Time since last request: 0.000087 seconds.
  path: Assets/場景/房間/Image_1.001.png
  artifactKey: Guid(07373e13ccb872845acd87935573a71d) Importer(815301076,1909f56bfc062723c751e8b465ee728b)
Start importing Assets/場景/房間/Image_1.001.png using Guid(07373e13ccb872845acd87935573a71d) Importer(815301076,1909f56bfc062723c751e8b465ee728b) [PhysX] Initialized MultithreadedTaskDispatcher with 32 workers.
[PhysX] Initialized MultithreadedTaskDispatcher with 32 workers.
 -> (artifact id: '5b2f65b5ed82340dbd060735986f6002') in 0.012797 seconds
Number of updated asset objects reloaded before import = 0
Number of asset objects unloaded after import = 2
========================================================================
Received Import Request.
  Time since last request: 0.000055 seconds.
  path: Assets/場景/房間/Image_1.007.png
  artifactKey: Guid(2557dfb9feb28dd408c5bca1882b6876) Importer(815301076,1909f56bfc062723c751e8b465ee728b)
Start importing Assets/場景/房間/Image_1.007.png using Guid(2557dfb9feb28dd408c5bca1882b6876) Importer(815301076,1909f56bfc062723c751e8b465ee728b) [PhysX] Initialized MultithreadedTaskDispatcher with 32 workers.
[PhysX] Initialized MultithreadedTaskDispatcher with 32 workers.
 -> (artifact id: 'd1fd4705c5d51db05cd71a88f1350ef7') in 0.018684 seconds
Number of updated asset objects reloaded before import = 0
Number of asset objects unloaded after import = 2
========================================================================
Received Import Request.
  Time since last request: 0.000014 seconds.
  path: Assets/場景/房間/Image_0.015.png
  artifactKey: Guid(434b9d2fdd343a84cb32e911a1e122cb) Importer(815301076,1909f56bfc062723c751e8b465ee728b)
Start importing Assets/場景/房間/Image_0.015.png using Guid(434b9d2fdd343a84cb32e911a1e122cb) Importer(815301076,1909f56bfc062723c751e8b465ee728b) [PhysX] Initialized MultithreadedTaskDispatcher with 32 workers.
[PhysX] Initialized MultithreadedTaskDispatcher with 32 workers.
 -> (artifact id: 'd935f656f05b65b3fb1af6364b342c47') in 0.013529 seconds
Number of updated asset objects reloaded before import = 0
Number of asset objects unloaded after import = 2
========================================================================
Received Import Request.
  Time since last request: 0.000012 seconds.
  path: Assets/場景/房間/Image_1.024.png
  artifactKey: Guid(a36cbb8a4ecafce47a215c66bc4ca4fd) Importer(815301076,1909f56bfc062723c751e8b465ee728b)
Start importing Assets/場景/房間/Image_1.024.png using Guid(a36cbb8a4ecafce47a215c66bc4ca4fd) Importer(815301076,1909f56bfc062723c751e8b465ee728b) [PhysX] Initialized MultithreadedTaskDispatcher with 32 workers.
[PhysX] Initialized MultithreadedTaskDispatcher with 32 workers.
 -> (artifact id: 'ff357440e84a01ea721264712b27246b') in 0.013163 seconds
Number of updated asset objects reloaded before import = 0
Number of asset objects unloaded after import = 2
========================================================================
Received Import Request.
  Time since last request: 0.000012 seconds.
  path: Assets/場景/房間/F017.jpg
  artifactKey: Guid(f6f9462a1493c3e4f85d75b5abe95340) Importer(815301076,1909f56bfc062723c751e8b465ee728b)
Start importing Assets/場景/房間/F017.jpg using Guid(f6f9462a1493c3e4f85d75b5abe95340) Importer(815301076,1909f56bfc062723c751e8b465ee728b) [PhysX] Initialized MultithreadedTaskDispatcher with 32 workers.
[PhysX] Initialized MultithreadedTaskDispatcher with 32 workers.
 -> (artifact id: 'eecb2dc9802c84f2a62e1ee70d275d9d') in 0.028289 seconds
Number of updated asset objects reloaded before import = 0
Number of asset objects unloaded after import = 2
========================================================================
Received Import Request.
  Time since last request: 0.000776 seconds.
  path: Assets/場景/房間/Image_0.031.png
  artifactKey: Guid(5b0fba75bbcdc034e8a02ba6eb1dfc9a) Importer(815301076,1909f56bfc062723c751e8b465ee728b)
Start importing Assets/場景/房間/Image_0.031.png using Guid(5b0fba75bbcdc034e8a02ba6eb1dfc9a) Importer(815301076,1909f56bfc062723c751e8b465ee728b) [PhysX] Initialized MultithreadedTaskDispatcher with 32 workers.
[PhysX] Initialized MultithreadedTaskDispatcher with 32 workers.
 -> (artifact id: '3963ab2d2e686bc285eb034e3ffba8b0') in 0.013873 seconds
Number of updated asset objects reloaded before import = 0
Number of asset objects unloaded after import = 2
========================================================================
Received Import Request.
  Time since last request: 0.000026 seconds.
  path: Assets/場景/房間/Image_1.012.png
  artifactKey: Guid(a1171606046630e4a83cacab142ac232) Importer(815301076,1909f56bfc062723c751e8b465ee728b)
Start importing Assets/場景/房間/Image_1.012.png using Guid(a1171606046630e4a83cacab142ac232) Importer(815301076,1909f56bfc062723c751e8b465ee728b) [PhysX] Initialized MultithreadedTaskDispatcher with 32 workers.
[PhysX] Initialized MultithreadedTaskDispatcher with 32 workers.
 -> (artifact id: 'c3a0f69c785e042aa5d71a356a815c28') in 0.014289 seconds
Number of updated asset objects reloaded before import = 0
Number of asset objects unloaded after import = 2
========================================================================
Received Import Request.
  Time since last request: 0.000020 seconds.
  path: Assets/場景/房間/Image_2.011.png
  artifactKey: Guid(8567e346b74291d42b7d26d28be2aa8a) Importer(815301076,1909f56bfc062723c751e8b465ee728b)
Start importing Assets/場景/房間/Image_2.011.png using Guid(8567e346b74291d42b7d26d28be2aa8a) Importer(815301076,1909f56bfc062723c751e8b465ee728b) [PhysX] Initialized MultithreadedTaskDispatcher with 32 workers.
[PhysX] Initialized MultithreadedTaskDispatcher with 32 workers.
 -> (artifact id: 'b8187a8d7e41efec9a893853abc9befe') in 0.019047 seconds
Number of updated asset objects reloaded before import = 0
Number of asset objects unloaded after import = 2
========================================================================
Received Import Request.
  Time since last request: 0.000020 seconds.
  path: Assets/場景/房間/Image_2.005.png
  artifactKey: Guid(6af7b0ef59ca0674ca83142e632c1baf) Importer(815301076,1909f56bfc062723c751e8b465ee728b)
Start importing Assets/場景/房間/Image_2.005.png using Guid(6af7b0ef59ca0674ca83142e632c1baf) Importer(815301076,1909f56bfc062723c751e8b465ee728b) [PhysX] Initialized MultithreadedTaskDispatcher with 32 workers.
[PhysX] Initialized MultithreadedTaskDispatcher with 32 workers.
 -> (artifact id: '12b0d4d6b5efd6349e6f76a604d58798') in 0.014710 seconds
Number of updated asset objects reloaded before import = 0
Number of asset objects unloaded after import = 2
========================================================================
Received Import Request.
  Time since last request: 0.000036 seconds.
  path: Assets/場景/房間/Image_2.021.png
  artifactKey: Guid(edf13993f2f0e2a41ae8aef4009b3edc) Importer(815301076,1909f56bfc062723c751e8b465ee728b)
Start importing Assets/場景/房間/Image_2.021.png using Guid(edf13993f2f0e2a41ae8aef4009b3edc) Importer(815301076,1909f56bfc062723c751e8b465ee728b) [PhysX] Initialized MultithreadedTaskDispatcher with 32 workers.
[PhysX] Initialized MultithreadedTaskDispatcher with 32 workers.
 -> (artifact id: '74bc1ccfcad6c72f0a86123062037e48') in 0.011237 seconds
Number of updated asset objects reloaded before import = 0
Number of asset objects unloaded after import = 2
========================================================================
Received Import Request.
  Time since last request: 0.000025 seconds.
  path: Assets/場景/房間/Image_3.004.png
  artifactKey: Guid(ef44e78b10fac1e45a028582ad9ec8a2) Importer(815301076,1909f56bfc062723c751e8b465ee728b)
Start importing Assets/場景/房間/Image_3.004.png using Guid(ef44e78b10fac1e45a028582ad9ec8a2) Importer(815301076,1909f56bfc062723c751e8b465ee728b) [PhysX] Initialized MultithreadedTaskDispatcher with 32 workers.
[PhysX] Initialized MultithreadedTaskDispatcher with 32 workers.
 -> (artifact id: 'f9b3fc4fcdc9ad45242e192ab2046fd2') in 0.011378 seconds
Number of updated asset objects reloaded before import = 0
Number of asset objects unloaded after import = 2
========================================================================
Received Import Request.
  Time since last request: 0.000017 seconds.
  path: Assets/場景/房間/buer230315A064.jpg
  artifactKey: Guid(f9c9f075a2c9410448eec4ab79ef0558) Importer(815301076,1909f56bfc062723c751e8b465ee728b)
Start importing Assets/場景/房間/buer230315A064.jpg using Guid(f9c9f075a2c9410448eec4ab79ef0558) Importer(815301076,1909f56bfc062723c751e8b465ee728b) [PhysX] Initialized MultithreadedTaskDispatcher with 32 workers.
[PhysX] Initialized MultithreadedTaskDispatcher with 32 workers.
 -> (artifact id: 'ffcc48093c5a4164ec1e889417a08e75') in 0.013253 seconds
Number of updated asset objects reloaded before import = 0
Number of asset objects unloaded after import = 2
========================================================================
Received Import Request.
  Time since last request: 0.000014 seconds.
  path: Assets/場景/房間/Image_0.028.jpg
  artifactKey: Guid(da94fa68f44976f4c8f67373443d62f4) Importer(815301076,1909f56bfc062723c751e8b465ee728b)
Start importing Assets/場景/房間/Image_0.028.jpg using Guid(da94fa68f44976f4c8f67373443d62f4) Importer(815301076,1909f56bfc062723c751e8b465ee728b) [PhysX] Initialized MultithreadedTaskDispatcher with 32 workers.
[PhysX] Initialized MultithreadedTaskDispatcher with 32 workers.
 -> (artifact id: 'e7e7349c6da2ae850a7350e9cb8b745b') in 0.006757 seconds
Number of updated asset objects reloaded before import = 0
Number of asset objects unloaded after import = 2
========================================================================
Received Import Request.
  Time since last request: 0.000024 seconds.
  path: Assets/場景/房間/Image_1.021.jpg
  artifactKey: Guid(433671d53abdc0d429956181e9b44021) Importer(815301076,1909f56bfc062723c751e8b465ee728b)
Start importing Assets/場景/房間/Image_1.021.jpg using Guid(433671d53abdc0d429956181e9b44021) Importer(815301076,1909f56bfc062723c751e8b465ee728b) [PhysX] Initialized MultithreadedTaskDispatcher with 32 workers.
[PhysX] Initialized MultithreadedTaskDispatcher with 32 workers.
 -> (artifact id: '38cadec542ed1663347f9ab6665c2284') in 0.012199 seconds
Number of updated asset objects reloaded before import = 0
Number of asset objects unloaded after import = 2
========================================================================
Received Import Request.
  Time since last request: 0.000075 seconds.
  path: Assets/場景/房間/Image_3.006.png
  artifactKey: Guid(8dab536771d4b0e40b66a05da00bd8ac) Importer(815301076,1909f56bfc062723c751e8b465ee728b)
Start importing Assets/場景/房間/Image_3.006.png using Guid(8dab536771d4b0e40b66a05da00bd8ac) Importer(815301076,1909f56bfc062723c751e8b465ee728b) [PhysX] Initialized MultithreadedTaskDispatcher with 32 workers.
[PhysX] Initialized MultithreadedTaskDispatcher with 32 workers.
 -> (artifact id: '61fba052246925e22f1755435bff648f') in 0.008665 seconds
Number of updated asset objects reloaded before import = 0
Number of asset objects unloaded after import = 2
========================================================================
Received Import Request.
  Time since last request: 0.000017 seconds.
  path: Assets/場景/房間/Image_0.005.png
  artifactKey: Guid(972e9e50c202fb64ba78192c9591723b) Importer(815301076,1909f56bfc062723c751e8b465ee728b)
Start importing Assets/場景/房間/Image_0.005.png using Guid(972e9e50c202fb64ba78192c9591723b) Importer(815301076,1909f56bfc062723c751e8b465ee728b) [PhysX] Initialized MultithreadedTaskDispatcher with 32 workers.
[PhysX] Initialized MultithreadedTaskDispatcher with 32 workers.
 -> (artifact id: '2898aff7c9d7a295b28ddbcf9b5feda5') in 0.011483 seconds
Number of updated asset objects reloaded before import = 0
Number of asset objects unloaded after import = 2
========================================================================
Received Import Request.
  Time since last request: 0.000015 seconds.
  path: Assets/場景/房間/Image_0.001.png
  artifactKey: Guid(28407f8de11484745885e1b08514f001) Importer(815301076,1909f56bfc062723c751e8b465ee728b)
Start importing Assets/場景/房間/Image_0.001.png using Guid(28407f8de11484745885e1b08514f001) Importer(815301076,1909f56bfc062723c751e8b465ee728b) [PhysX] Initialized MultithreadedTaskDispatcher with 32 workers.
[PhysX] Initialized MultithreadedTaskDispatcher with 32 workers.
 -> (artifact id: '50700cb9b028a9320553b5f56046c376') in 0.009368 seconds
Number of updated asset objects reloaded before import = 0
Number of asset objects unloaded after import = 2
========================================================================
Received Import Request.
  Time since last request: 0.000013 seconds.
  path: Assets/場景/房間/Image_0.026.jpg
  artifactKey: Guid(d046e9f99edda1a41ac3bf2ed19f554a) Importer(815301076,1909f56bfc062723c751e8b465ee728b)
Start importing Assets/場景/房間/Image_0.026.jpg using Guid(d046e9f99edda1a41ac3bf2ed19f554a) Importer(815301076,1909f56bfc062723c751e8b465ee728b) [PhysX] Initialized MultithreadedTaskDispatcher with 32 workers.
[PhysX] Initialized MultithreadedTaskDispatcher with 32 workers.
 -> (artifact id: '4b009c8fb03f32f9c477ef45511e5181') in 0.007783 seconds
Number of updated asset objects reloaded before import = 0
Number of asset objects unloaded after import = 2
========================================================================
Received Import Request.
  Time since last request: 0.000017 seconds.
  path: Assets/場景/房間/Image_0.010.png
  artifactKey: Guid(4586072a78b9f5d418ac44608041d543) Importer(815301076,1909f56bfc062723c751e8b465ee728b)
Start importing Assets/場景/房間/Image_0.010.png using Guid(4586072a78b9f5d418ac44608041d543) Importer(815301076,1909f56bfc062723c751e8b465ee728b) [PhysX] Initialized MultithreadedTaskDispatcher with 32 workers.
[PhysX] Initialized MultithreadedTaskDispatcher with 32 workers.
 -> (artifact id: '9eac5d027c3f79d99c243f816787d83a') in 0.008573 seconds
Number of updated asset objects reloaded before import = 0
Number of asset objects unloaded after import = 2
========================================================================
Received Import Request.
  Time since last request: 0.000016 seconds.
  path: Assets/場景/房間/Image_2.007.png
  artifactKey: Guid(97796db89eb09c54ba96b60f56bd1dd7) Importer(815301076,1909f56bfc062723c751e8b465ee728b)
Start importing Assets/場景/房間/Image_2.007.png using Guid(97796db89eb09c54ba96b60f56bd1dd7) Importer(815301076,1909f56bfc062723c751e8b465ee728b) [PhysX] Initialized MultithreadedTaskDispatcher with 32 workers.
[PhysX] Initialized MultithreadedTaskDispatcher with 32 workers.
 -> (artifact id: '24f5d3db757a8ccc256da08c752643e4') in 0.013960 seconds
Number of updated asset objects reloaded before import = 0
Number of asset objects unloaded after import = 2
========================================================================
Received Import Request.
  Time since last request: 0.000016 seconds.
  path: Assets/場景/房間/Image_2.001.png
  artifactKey: Guid(9eda92de30bee5949b5c191ab8436d43) Importer(815301076,1909f56bfc062723c751e8b465ee728b)
Start importing Assets/場景/房間/Image_2.001.png using Guid(9eda92de30bee5949b5c191ab8436d43) Importer(815301076,1909f56bfc062723c751e8b465ee728b) [PhysX] Initialized MultithreadedTaskDispatcher with 32 workers.
[PhysX] Initialized MultithreadedTaskDispatcher with 32 workers.
 -> (artifact id: 'faae58e37b9e9ee550028e80f5722db1') in 0.015296 seconds
Number of updated asset objects reloaded before import = 0
Number of asset objects unloaded after import = 2
========================================================================
Received Import Request.
  Time since last request: 0.000072 seconds.
  path: Assets/場景/房間/Image_1.004.png
  artifactKey: Guid(0746b6dcb6e22a1419fed23f4d596082) Importer(815301076,1909f56bfc062723c751e8b465ee728b)
Start importing Assets/場景/房間/Image_1.004.png using Guid(0746b6dcb6e22a1419fed23f4d596082) Importer(815301076,1909f56bfc062723c751e8b465ee728b) [PhysX] Initialized MultithreadedTaskDispatcher with 32 workers.
[PhysX] Initialized MultithreadedTaskDispatcher with 32 workers.
 -> (artifact id: '025f1f394a5af38aa4a2982e4bb3d104') in 0.011664 seconds
Number of updated asset objects reloaded before import = 0
Number of asset objects unloaded after import = 2
========================================================================
Received Import Request.
  Time since last request: 0.000017 seconds.
  path: Assets/場景/房間/Image_2.015.png
  artifactKey: Guid(c7983b12040cb694885d2294d42ddf6c) Importer(815301076,1909f56bfc062723c751e8b465ee728b)
Start importing Assets/場景/房間/Image_2.015.png using Guid(c7983b12040cb694885d2294d42ddf6c) Importer(815301076,1909f56bfc062723c751e8b465ee728b) [PhysX] Initialized MultithreadedTaskDispatcher with 32 workers.
[PhysX] Initialized MultithreadedTaskDispatcher with 32 workers.
 -> (artifact id: '2c9970677aabc672538af090d09463ee') in 0.011715 seconds
Number of updated asset objects reloaded before import = 0
Number of asset objects unloaded after import = 2
========================================================================
Received Import Request.
  Time since last request: 0.000015 seconds.
  path: Assets/場景/房間/Image_2.012.jpg
  artifactKey: Guid(94a50f93dbf351f4a99d414bad91b6b0) Importer(815301076,1909f56bfc062723c751e8b465ee728b)
Start importing Assets/場景/房間/Image_2.012.jpg using Guid(94a50f93dbf351f4a99d414bad91b6b0) Importer(815301076,1909f56bfc062723c751e8b465ee728b) [PhysX] Initialized MultithreadedTaskDispatcher with 32 workers.
[PhysX] Initialized MultithreadedTaskDispatcher with 32 workers.
 -> (artifact id: '5af8fe0bc8739e10ccf25a4c2b8643ff') in 0.006514 seconds
Number of updated asset objects reloaded before import = 0
Number of asset objects unloaded after import = 2
========================================================================
Received Import Request.
  Time since last request: 0.000017 seconds.
  path: Assets/場景/房間/Image_1.005.png
  artifactKey: Guid(7f86934ddba9a5541aa1eafed64113b0) Importer(815301076,1909f56bfc062723c751e8b465ee728b)
Start importing Assets/場景/房間/Image_1.005.png using Guid(7f86934ddba9a5541aa1eafed64113b0) Importer(815301076,1909f56bfc062723c751e8b465ee728b) [PhysX] Initialized MultithreadedTaskDispatcher with 32 workers.
[PhysX] Initialized MultithreadedTaskDispatcher with 32 workers.
 -> (artifact id: '7c696e4396411547b48477b504e9d45c') in 0.010728 seconds
Number of updated asset objects reloaded before import = 0
Number of asset objects unloaded after import = 2
========================================================================
Received Import Request.
  Time since last request: 0.000013 seconds.
  path: Assets/場景/房間/Image_2.jpg
  artifactKey: Guid(936b23ac0b4b6674aabe15de0c620b43) Importer(815301076,1909f56bfc062723c751e8b465ee728b)
Start importing Assets/場景/房間/Image_2.jpg using Guid(936b23ac0b4b6674aabe15de0c620b43) Importer(815301076,1909f56bfc062723c751e8b465ee728b) [PhysX] Initialized MultithreadedTaskDispatcher with 32 workers.
[PhysX] Initialized MultithreadedTaskDispatcher with 32 workers.
 -> (artifact id: 'afe05177c7e0fe9c3d7addd5835139eb') in 0.006420 seconds
Number of updated asset objects reloaded before import = 0
Number of asset objects unloaded after import = 2
========================================================================
Received Import Request.
  Time since last request: 0.000043 seconds.
  path: Assets/場景/房間/Image_0.032.jpg
  artifactKey: Guid(27cd7ca9eb56e0a458972f20e841b3d6) Importer(815301076,1909f56bfc062723c751e8b465ee728b)
Start importing Assets/場景/房間/Image_0.032.jpg using Guid(27cd7ca9eb56e0a458972f20e841b3d6) Importer(815301076,1909f56bfc062723c751e8b465ee728b) [PhysX] Initialized MultithreadedTaskDispatcher with 32 workers.
[PhysX] Initialized MultithreadedTaskDispatcher with 32 workers.
 -> (artifact id: 'e6797f9ca731ed3a15a6bd2c11c6f66f') in 0.006603 seconds
Number of updated asset objects reloaded before import = 0
Number of asset objects unloaded after import = 2
========================================================================
Received Import Request.
  Time since last request: 0.000011 seconds.
  path: Assets/場景/房間/Image_3.001.png
  artifactKey: Guid(d31c09adad27ed3468e8a1257f049575) Importer(815301076,1909f56bfc062723c751e8b465ee728b)
Start importing Assets/場景/房間/Image_3.001.png using Guid(d31c09adad27ed3468e8a1257f049575) Importer(815301076,1909f56bfc062723c751e8b465ee728b) [PhysX] Initialized MultithreadedTaskDispatcher with 32 workers.
[PhysX] Initialized MultithreadedTaskDispatcher with 32 workers.
 -> (artifact id: '746c7e2cfab5d6cad9ad58ffcb1e583e') in 0.010115 seconds
Number of updated asset objects reloaded before import = 0
Number of asset objects unloaded after import = 2
========================================================================
Received Import Request.
  Time since last request: 0.000011 seconds.
  path: Assets/場景/房間/buer230315A014.jpg
  artifactKey: Guid(beca3f9dd35dc614e9d38f742275ba05) Importer(815301076,1909f56bfc062723c751e8b465ee728b)
Start importing Assets/場景/房間/buer230315A014.jpg using Guid(beca3f9dd35dc614e9d38f742275ba05) Importer(815301076,1909f56bfc062723c751e8b465ee728b) [PhysX] Initialized MultithreadedTaskDispatcher with 32 workers.
[PhysX] Initialized MultithreadedTaskDispatcher with 32 workers.
 -> (artifact id: 'a09e3c491cada091fac851b58c3683c8') in 0.005960 seconds
Number of updated asset objects reloaded before import = 0
Number of asset objects unloaded after import = 2
========================================================================
Received Import Request.
  Time since last request: 0.000016 seconds.
  path: Assets/場景/房間/Image_2.017.png
  artifactKey: Guid(49119adf132a8734caa602bfe9246aff) Importer(815301076,1909f56bfc062723c751e8b465ee728b)
Start importing Assets/場景/房間/Image_2.017.png using Guid(49119adf132a8734caa602bfe9246aff) Importer(815301076,1909f56bfc062723c751e8b465ee728b) [PhysX] Initialized MultithreadedTaskDispatcher with 32 workers.
[PhysX] Initialized MultithreadedTaskDispatcher with 32 workers.
 -> (artifact id: 'a7959047782472a14510c9fe1feec6b1') in 0.013191 seconds
Number of updated asset objects reloaded before import = 0
Number of asset objects unloaded after import = 2
========================================================================
Received Import Request.
  Time since last request: 0.000013 seconds.
  path: Assets/場景/房間/F019.jpg
  artifactKey: Guid(29dcfef30b75610468cbb5d2ea8097eb) Importer(815301076,1909f56bfc062723c751e8b465ee728b)
Start importing Assets/場景/房間/F019.jpg using Guid(29dcfef30b75610468cbb5d2ea8097eb) Importer(815301076,1909f56bfc062723c751e8b465ee728b) [PhysX] Initialized MultithreadedTaskDispatcher with 32 workers.
[PhysX] Initialized MultithreadedTaskDispatcher with 32 workers.
 -> (artifact id: '83ca64ffce3bff0ea146676da55b12dc') in 0.011307 seconds
Number of updated asset objects reloaded before import = 0
Number of asset objects unloaded after import = 2
========================================================================
Received Import Request.
  Time since last request: 0.000015 seconds.
  path: Assets/場景/房間/Image_2.013.jpg
  artifactKey: Guid(312f62cac69b1db4baf4df22cfb3b121) Importer(815301076,1909f56bfc062723c751e8b465ee728b)
Start importing Assets/場景/房間/Image_2.013.jpg using Guid(312f62cac69b1db4baf4df22cfb3b121) Importer(815301076,1909f56bfc062723c751e8b465ee728b) [PhysX] Initialized MultithreadedTaskDispatcher with 32 workers.
[PhysX] Initialized MultithreadedTaskDispatcher with 32 workers.
 -> (artifact id: '1aa5fba999c5f40e49a3152fffab0aab') in 0.006656 seconds
Number of updated asset objects reloaded before import = 0
Number of asset objects unloaded after import = 2
========================================================================
Received Import Request.
  Time since last request: 785.389171 seconds.
  path: Assets/場景/房間/Image_3.012.jpg
  artifactKey: Guid(6c181fc9bd25d3a4d97e8d7e5e8189ab) Importer(815301076,1909f56bfc062723c751e8b465ee728b)
Start importing Assets/場景/房間/Image_3.012.jpg using Guid(6c181fc9bd25d3a4d97e8d7e5e8189ab) Importer(815301076,1909f56bfc062723c751e8b465ee728b) [PhysX] Initialized MultithreadedTaskDispatcher with 32 workers.
[PhysX] Initialized MultithreadedTaskDispatcher with 32 workers.
 -> (artifact id: 'c8f40dd830d998e20712f608798be747') in 0.018455 seconds
Number of updated asset objects reloaded before import = 0
Number of asset objects unloaded after import = 2
========================================================================
Received Import Request.
  Time since last request: 0.379831 seconds.
  path: Assets/場景/房間/Image_4.001.png
  artifactKey: Guid(42e458ff916bf4f4c9788546e83302c3) Importer(815301076,1909f56bfc062723c751e8b465ee728b)
Start importing Assets/場景/房間/Image_4.001.png using Guid(42e458ff916bf4f4c9788546e83302c3) Importer(815301076,1909f56bfc062723c751e8b465ee728b) [PhysX] Initialized MultithreadedTaskDispatcher with 32 workers.
[PhysX] Initialized MultithreadedTaskDispatcher with 32 workers.
 -> (artifact id: '6aeb0cf0dd92672e718eb4af926692da') in 0.009421 seconds
Number of updated asset objects reloaded before import = 0
Number of asset objects unloaded after import = 2
========================================================================
Received Import Request.
  Time since last request: 0.000125 seconds.
  path: Assets/場景/房間/Image_4.010.jpg
  artifactKey: Guid(7c3bb74795f55e24a983e17fcf4d6fba) Importer(815301076,1909f56bfc062723c751e8b465ee728b)
Start importing Assets/場景/房間/Image_4.010.jpg using Guid(7c3bb74795f55e24a983e17fcf4d6fba) Importer(815301076,1909f56bfc062723c751e8b465ee728b) [PhysX] Initialized MultithreadedTaskDispatcher with 32 workers.
[PhysX] Initialized MultithreadedTaskDispatcher with 32 workers.
 -> (artifact id: '299595f4976d6e8bd08d6c98cdebf6f5') in 0.008508 seconds
Number of updated asset objects reloaded before import = 0
Number of asset objects unloaded after import = 2
========================================================================
Received Import Request.
  Time since last request: 0.000031 seconds.
  path: Assets/場景/房間/Image_4.009.jpg
  artifactKey: Guid(48a0d754a3cdf1241a2ca3272d6f9496) Importer(815301076,1909f56bfc062723c751e8b465ee728b)
Start importing Assets/場景/房間/Image_4.009.jpg using Guid(48a0d754a3cdf1241a2ca3272d6f9496) Importer(815301076,1909f56bfc062723c751e8b465ee728b) [PhysX] Initialized MultithreadedTaskDispatcher with 32 workers.
[PhysX] Initialized MultithreadedTaskDispatcher with 32 workers.
 -> (artifact id: '60f91b3542700f28ebc24d1e43670f1e') in 0.010760 seconds
Number of updated asset objects reloaded before import = 0
Number of asset objects unloaded after import = 2
========================================================================
Received Import Request.
  Time since last request: 0.000010 seconds.
  path: Assets/場景/房間/Image_7.002.png
  artifactKey: Guid(12dbf670302eaa54d8bd24d5f2e62315) Importer(815301076,1909f56bfc062723c751e8b465ee728b)
Start importing Assets/場景/房間/Image_7.002.png using Guid(12dbf670302eaa54d8bd24d5f2e62315) Importer(815301076,1909f56bfc062723c751e8b465ee728b) [PhysX] Initialized MultithreadedTaskDispatcher with 32 workers.
[PhysX] Initialized MultithreadedTaskDispatcher with 32 workers.
 -> (artifact id: 'cfa2c60762142f759b1ab259856c699b') in 0.005240 seconds
Number of updated asset objects reloaded before import = 0
Number of asset objects unloaded after import = 2
========================================================================
Received Import Request.
  Time since last request: 0.000010 seconds.
  path: Assets/場景/房間/Image_12.png
  artifactKey: Guid(121a1d4e912ccc84ebae42966e0d74b0) Importer(815301076,1909f56bfc062723c751e8b465ee728b)
Start importing Assets/場景/房間/Image_12.png using Guid(121a1d4e912ccc84ebae42966e0d74b0) Importer(815301076,1909f56bfc062723c751e8b465ee728b) [PhysX] Initialized MultithreadedTaskDispatcher with 32 workers.
[PhysX] Initialized MultithreadedTaskDispatcher with 32 workers.
 -> (artifact id: '319268ad1e773dd9bdc4c991946740c0') in 0.008516 seconds
Number of updated asset objects reloaded before import = 0
Number of asset objects unloaded after import = 2
========================================================================
Received Import Request.
  Time since last request: 0.000010 seconds.
  path: Assets/場景/房間/Image_17.002.png
  artifactKey: Guid(c835712fe3e56614597f6f76e69280a3) Importer(815301076,1909f56bfc062723c751e8b465ee728b)
Start importing Assets/場景/房間/Image_17.002.png using Guid(c835712fe3e56614597f6f76e69280a3) Importer(815301076,1909f56bfc062723c751e8b465ee728b) [PhysX] Initialized MultithreadedTaskDispatcher with 32 workers.
[PhysX] Initialized MultithreadedTaskDispatcher with 32 workers.
 -> (artifact id: '456175b722d1af5e6d981d599e8e0ab5') in 0.006049 seconds
Number of updated asset objects reloaded before import = 0
Number of asset objects unloaded after import = 2
========================================================================
Received Import Request.
  Time since last request: 0.000014 seconds.
  path: Assets/場景/房間/Image_15.002.png
  artifactKey: Guid(1b4ce1273a60df94587d1329505b28b5) Importer(815301076,1909f56bfc062723c751e8b465ee728b)
Start importing Assets/場景/房間/Image_15.002.png using Guid(1b4ce1273a60df94587d1329505b28b5) Importer(815301076,1909f56bfc062723c751e8b465ee728b) [PhysX] Initialized MultithreadedTaskDispatcher with 32 workers.
[PhysX] Initialized MultithreadedTaskDispatcher with 32 workers.
 -> (artifact id: '5d1b0c9411d69d49900350da834334ea') in 0.007536 seconds
Number of updated asset objects reloaded before import = 0
Number of asset objects unloaded after import = 2
========================================================================
Received Import Request.
  Time since last request: 0.000011 seconds.
  path: Assets/場景/房間/Image_5.006.png
  artifactKey: Guid(8b04092273f82a94989d3be3e12a52fe) Importer(815301076,1909f56bfc062723c751e8b465ee728b)
Start importing Assets/場景/房間/Image_5.006.png using Guid(8b04092273f82a94989d3be3e12a52fe) Importer(815301076,1909f56bfc062723c751e8b465ee728b) [PhysX] Initialized MultithreadedTaskDispatcher with 32 workers.
[PhysX] Initialized MultithreadedTaskDispatcher with 32 workers.
 -> (artifact id: '22b91893a661c91af5d3e6c2873f65f4') in 0.007143 seconds
Number of updated asset objects reloaded before import = 0
Number of asset objects unloaded after import = 2
========================================================================
Received Import Request.
  Time since last request: 0.000011 seconds.
  path: Assets/場景/房間/Image_21.png
  artifactKey: Guid(59a76468eb613404489694ab1a1ff6f4) Importer(815301076,1909f56bfc062723c751e8b465ee728b)
Start importing Assets/場景/房間/Image_21.png using Guid(59a76468eb613404489694ab1a1ff6f4) Importer(815301076,1909f56bfc062723c751e8b465ee728b) [PhysX] Initialized MultithreadedTaskDispatcher with 32 workers.
[PhysX] Initialized MultithreadedTaskDispatcher with 32 workers.
 -> (artifact id: 'bc4a37bbe1995d19b481c450cc779fbf') in 0.007393 seconds
Number of updated asset objects reloaded before import = 0
Number of asset objects unloaded after import = 2
========================================================================
Received Import Request.
  Time since last request: 0.000015 seconds.
  path: Assets/場景/房間/Image_31.jpg
  artifactKey: Guid(ef5480e11db3ca948a613ccf440989f1) Importer(815301076,1909f56bfc062723c751e8b465ee728b)
Start importing Assets/場景/房間/Image_31.jpg using Guid(ef5480e11db3ca948a613ccf440989f1) Importer(815301076,1909f56bfc062723c751e8b465ee728b) [PhysX] Initialized MultithreadedTaskDispatcher with 32 workers.
[PhysX] Initialized MultithreadedTaskDispatcher with 32 workers.
 -> (artifact id: '8383854a4802e32573ba58ef338b7662') in 0.005581 seconds
Number of updated asset objects reloaded before import = 0
Number of asset objects unloaded after import = 2
========================================================================
Received Import Request.
  Time since last request: 0.000011 seconds.
  path: Assets/場景/房間/Image_7.011.png
  artifactKey: Guid(671d2885c8ec5be41997df8151140ef2) Importer(815301076,1909f56bfc062723c751e8b465ee728b)
Start importing Assets/場景/房間/Image_7.011.png using Guid(671d2885c8ec5be41997df8151140ef2) Importer(815301076,1909f56bfc062723c751e8b465ee728b) [PhysX] Initialized MultithreadedTaskDispatcher with 32 workers.
[PhysX] Initialized MultithreadedTaskDispatcher with 32 workers.
 -> (artifact id: 'ca998172ed54f39f85efa1b420eb2f89') in 0.005324 seconds
Number of updated asset objects reloaded before import = 0
Number of asset objects unloaded after import = 2
========================================================================
Received Import Request.
  Time since last request: 0.000010 seconds.
  path: Assets/場景/房間/Image_26.001.png
  artifactKey: Guid(12ad088d51cf6f64e9fa148c06f096a9) Importer(815301076,1909f56bfc062723c751e8b465ee728b)
Start importing Assets/場景/房間/Image_26.001.png using Guid(12ad088d51cf6f64e9fa148c06f096a9) Importer(815301076,1909f56bfc062723c751e8b465ee728b) [PhysX] Initialized MultithreadedTaskDispatcher with 32 workers.
[PhysX] Initialized MultithreadedTaskDispatcher with 32 workers.
 -> (artifact id: '6786fad7001a5870dfeb5d24e5ab5bf8') in 0.005048 seconds
Number of updated asset objects reloaded before import = 0
Number of asset objects unloaded after import = 2
========================================================================
Received Import Request.
  Time since last request: 0.000016 seconds.
  path: Assets/場景/房間/Image_21.002.png
  artifactKey: Guid(2649f02918c8e794a828abec644bed7f) Importer(815301076,1909f56bfc062723c751e8b465ee728b)
Start importing Assets/場景/房間/Image_21.002.png using Guid(2649f02918c8e794a828abec644bed7f) Importer(815301076,1909f56bfc062723c751e8b465ee728b) [PhysX] Initialized MultithreadedTaskDispatcher with 32 workers.
[PhysX] Initialized MultithreadedTaskDispatcher with 32 workers.
 -> (artifact id: '41c04f68927a2b2658083963b4700f44') in 0.006045 seconds
Number of updated asset objects reloaded before import = 0
Number of asset objects unloaded after import = 2
========================================================================
Received Import Request.
  Time since last request: 0.000013 seconds.
  path: Assets/場景/房間/Image_5.005.png
  artifactKey: Guid(8a904b5370f13fd45b9093df1f17d57e) Importer(815301076,1909f56bfc062723c751e8b465ee728b)
Start importing Assets/場景/房間/Image_5.005.png using Guid(8a904b5370f13fd45b9093df1f17d57e) Importer(815301076,1909f56bfc062723c751e8b465ee728b) [PhysX] Initialized MultithreadedTaskDispatcher with 32 workers.
[PhysX] Initialized MultithreadedTaskDispatcher with 32 workers.
 -> (artifact id: '05789210209072c9ba36ae7a1e3c9c8e') in 0.006378 seconds
Number of updated asset objects reloaded before import = 0
Number of asset objects unloaded after import = 2
========================================================================
Received Import Request.
  Time since last request: 0.000010 seconds.
  path: Assets/場景/房間/Image_4.005.png
  artifactKey: Guid(bd268a5489c31c44f80f90d6243c2f68) Importer(815301076,1909f56bfc062723c751e8b465ee728b)
Start importing Assets/場景/房間/Image_4.005.png using Guid(bd268a5489c31c44f80f90d6243c2f68) Importer(815301076,1909f56bfc062723c751e8b465ee728b) [PhysX] Initialized MultithreadedTaskDispatcher with 32 workers.
[PhysX] Initialized MultithreadedTaskDispatcher with 32 workers.
 -> (artifact id: '521802c96c60b608bee37b3dc6aa11d1') in 0.005783 seconds
Number of updated asset objects reloaded before import = 0
Number of asset objects unloaded after import = 2
========================================================================
Received Import Request.
  Time since last request: 0.000012 seconds.
  path: Assets/場景/房間/Image_4.007.jpg
  artifactKey: Guid(c8245b53e629ec3488504c2cd52e72c5) Importer(815301076,1909f56bfc062723c751e8b465ee728b)
Start importing Assets/場景/房間/Image_4.007.jpg using Guid(c8245b53e629ec3488504c2cd52e72c5) Importer(815301076,1909f56bfc062723c751e8b465ee728b) [PhysX] Initialized MultithreadedTaskDispatcher with 32 workers.
[PhysX] Initialized MultithreadedTaskDispatcher with 32 workers.
 -> (artifact id: '86a539f5e91c1fdaca2f990261f0955f') in 0.005410 seconds
Number of updated asset objects reloaded before import = 0
Number of asset objects unloaded after import = 2
========================================================================
Received Import Request.
  Time since last request: 0.000011 seconds.
  path: Assets/場景/房間/Image_5.009.jpg
  artifactKey: Guid(40f0a990ffc69a84dae5c4aae6570d1a) Importer(815301076,1909f56bfc062723c751e8b465ee728b)
Start importing Assets/場景/房間/Image_5.009.jpg using Guid(40f0a990ffc69a84dae5c4aae6570d1a) Importer(815301076,1909f56bfc062723c751e8b465ee728b) [PhysX] Initialized MultithreadedTaskDispatcher with 32 workers.
[PhysX] Initialized MultithreadedTaskDispatcher with 32 workers.
 -> (artifact id: '5bdbb107a3aa2ecfada1a64c669ed30b') in 0.007636 seconds
Number of updated asset objects reloaded before import = 0
Number of asset objects unloaded after import = 2
========================================================================
Received Import Request.
  Time since last request: 0.000013 seconds.
  path: Assets/場景/房間/Image_16.003.png
  artifactKey: Guid(50cd316e8dc8fef4da6ffceadb528893) Importer(815301076,1909f56bfc062723c751e8b465ee728b)
Start importing Assets/場景/房間/Image_16.003.png using Guid(50cd316e8dc8fef4da6ffceadb528893) Importer(815301076,1909f56bfc062723c751e8b465ee728b) [PhysX] Initialized MultithreadedTaskDispatcher with 32 workers.
[PhysX] Initialized MultithreadedTaskDispatcher with 32 workers.
 -> (artifact id: 'ee9143e47dbf0e6b24ddef9d6b1500b3') in 0.005336 seconds
Number of updated asset objects reloaded before import = 0
Number of asset objects unloaded after import = 2
========================================================================
Received Import Request.
  Time since last request: 0.000013 seconds.
  path: Assets/場景/房間/Image_15.png
  artifactKey: Guid(06023b89752103b429876325bc132efe) Importer(815301076,1909f56bfc062723c751e8b465ee728b)
Start importing Assets/場景/房間/Image_15.png using Guid(06023b89752103b429876325bc132efe) Importer(815301076,1909f56bfc062723c751e8b465ee728b) [PhysX] Initialized MultithreadedTaskDispatcher with 32 workers.
[PhysX] Initialized MultithreadedTaskDispatcher with 32 workers.
 -> (artifact id: '37096143d4328ca6238e3a42acd37ac0') in 0.006977 seconds
Number of updated asset objects reloaded before import = 0
Number of asset objects unloaded after import = 2
========================================================================
Received Import Request.
  Time since last request: 0.000015 seconds.
  path: Assets/場景/房間/Image_32.jpg
  artifactKey: Guid(e5a8e28b82ad13e4e8373077b5e4d1b3) Importer(815301076,1909f56bfc062723c751e8b465ee728b)
Start importing Assets/場景/房間/Image_32.jpg using Guid(e5a8e28b82ad13e4e8373077b5e4d1b3) Importer(815301076,1909f56bfc062723c751e8b465ee728b) [PhysX] Initialized MultithreadedTaskDispatcher with 32 workers.
[PhysX] Initialized MultithreadedTaskDispatcher with 32 workers.
 -> (artifact id: '389c0a18b18ef68dd45c6157740dc746') in 0.005136 seconds
Number of updated asset objects reloaded before import = 0
Number of asset objects unloaded after import = 2
========================================================================
Received Import Request.
  Time since last request: 0.000010 seconds.
  path: Assets/場景/房間/Image_45.png
  artifactKey: Guid(3ba9d9a335777ad4384f05cf9ace66b4) Importer(815301076,1909f56bfc062723c751e8b465ee728b)
Start importing Assets/場景/房間/Image_45.png using Guid(3ba9d9a335777ad4384f05cf9ace66b4) Importer(815301076,1909f56bfc062723c751e8b465ee728b) [PhysX] Initialized MultithreadedTaskDispatcher with 32 workers.
[PhysX] Initialized MultithreadedTaskDispatcher with 32 workers.
 -> (artifact id: '078cdc33c1947b851a752ec71b3883ea') in 0.008792 seconds
Number of updated asset objects reloaded before import = 0
Number of asset objects unloaded after import = 2
========================================================================
Received Import Request.
  Time since last request: 0.000062 seconds.
  path: Assets/場景/房間/Image_6.003.png
  artifactKey: Guid(fa54d0c3845e3224c95e993d38d90c92) Importer(815301076,1909f56bfc062723c751e8b465ee728b)
Start importing Assets/場景/房間/Image_6.003.png using Guid(fa54d0c3845e3224c95e993d38d90c92) Importer(815301076,1909f56bfc062723c751e8b465ee728b) [PhysX] Initialized MultithreadedTaskDispatcher with 32 workers.
[PhysX] Initialized MultithreadedTaskDispatcher with 32 workers.
 -> (artifact id: '624f7dea8e3794ef895ce8b57d365d79') in 0.009400 seconds
Number of updated asset objects reloaded before import = 0
Number of asset objects unloaded after import = 2
========================================================================
Received Import Request.
  Time since last request: 0.000010 seconds.
  path: Assets/場景/房間/Image_6.006.jpg
  artifactKey: Guid(7c18df64271e16f46971bb93fda22cdd) Importer(815301076,1909f56bfc062723c751e8b465ee728b)
Start importing Assets/場景/房間/Image_6.006.jpg using Guid(7c18df64271e16f46971bb93fda22cdd) Importer(815301076,1909f56bfc062723c751e8b465ee728b) [PhysX] Initialized MultithreadedTaskDispatcher with 32 workers.
[PhysX] Initialized MultithreadedTaskDispatcher with 32 workers.
 -> (artifact id: '1679089ec3f3c909634dacd1b74a1834') in 0.005934 seconds
Number of updated asset objects reloaded before import = 0
Number of asset objects unloaded after import = 2
========================================================================
Received Import Request.
  Time since last request: 0.000016 seconds.
  path: Assets/場景/房間/Image_13.002.png
  artifactKey: Guid(6fc282b58d4a972408a33000574ced61) Importer(815301076,1909f56bfc062723c751e8b465ee728b)
Start importing Assets/場景/房間/Image_13.002.png using Guid(6fc282b58d4a972408a33000574ced61) Importer(815301076,1909f56bfc062723c751e8b465ee728b) [PhysX] Initialized MultithreadedTaskDispatcher with 32 workers.
[PhysX] Initialized MultithreadedTaskDispatcher with 32 workers.
 -> (artifact id: 'e172eadc00f3ad24de63700408e2a75b') in 0.004699 seconds
Number of updated asset objects reloaded before import = 0
Number of asset objects unloaded after import = 2
========================================================================
Received Import Request.
  Time since last request: 0.000010 seconds.
  path: Assets/場景/房間/Image_19.001.jpg
  artifactKey: Guid(9a3daf56b7e0d6c4990b9d9e85a04335) Importer(815301076,1909f56bfc062723c751e8b465ee728b)
Start importing Assets/場景/房間/Image_19.001.jpg using Guid(9a3daf56b7e0d6c4990b9d9e85a04335) Importer(815301076,1909f56bfc062723c751e8b465ee728b) [PhysX] Initialized MultithreadedTaskDispatcher with 32 workers.
[PhysX] Initialized MultithreadedTaskDispatcher with 32 workers.
 -> (artifact id: '39062eea770455d34b358e1ff9d3dcb3') in 0.005198 seconds
Number of updated asset objects reloaded before import = 0
Number of asset objects unloaded after import = 2
========================================================================
Received Import Request.
  Time since last request: 0.000010 seconds.
  path: Assets/場景/房間/Image_7.009.jpg
  artifactKey: Guid(cd969adf7c4e54f419f41766cff66b97) Importer(815301076,1909f56bfc062723c751e8b465ee728b)
Start importing Assets/場景/房間/Image_7.009.jpg using Guid(cd969adf7c4e54f419f41766cff66b97) Importer(815301076,1909f56bfc062723c751e8b465ee728b) [PhysX] Initialized MultithreadedTaskDispatcher with 32 workers.
[PhysX] Initialized MultithreadedTaskDispatcher with 32 workers.
 -> (artifact id: 'e75c214240c5c773259251e1af163f09') in 0.006204 seconds
Number of updated asset objects reloaded before import = 0
Number of asset objects unloaded after import = 2
========================================================================
Received Import Request.
  Time since last request: 0.000012 seconds.
  path: Assets/場景/房間/Image_18.002.png
  artifactKey: Guid(48fde072887866d4dae2ee9d97bf8f10) Importer(815301076,1909f56bfc062723c751e8b465ee728b)
Start importing Assets/場景/房間/Image_18.002.png using Guid(48fde072887866d4dae2ee9d97bf8f10) Importer(815301076,1909f56bfc062723c751e8b465ee728b) [PhysX] Initialized MultithreadedTaskDispatcher with 32 workers.
[PhysX] Initialized MultithreadedTaskDispatcher with 32 workers.
 -> (artifact id: 'f14c55255dc8120bbdeba4dbbaf77a89') in 0.006513 seconds
Number of updated asset objects reloaded before import = 0
Number of asset objects unloaded after import = 2
========================================================================
Received Import Request.
  Time since last request: 0.000012 seconds.
  path: Assets/場景/房間/Image_7.005.png
  artifactKey: Guid(d5060453e97402845b9cdfb94c2e02d9) Importer(815301076,1909f56bfc062723c751e8b465ee728b)
Start importing Assets/場景/房間/Image_7.005.png using Guid(d5060453e97402845b9cdfb94c2e02d9) Importer(815301076,1909f56bfc062723c751e8b465ee728b) [PhysX] Initialized MultithreadedTaskDispatcher with 32 workers.
[PhysX] Initialized MultithreadedTaskDispatcher with 32 workers.
 -> (artifact id: '111cad94f5a2b9cdca8199daa4c0967c') in 0.005222 seconds
Number of updated asset objects reloaded before import = 0
Number of asset objects unloaded after import = 2
========================================================================
Received Import Request.
  Time since last request: 0.000053 seconds.
  path: Assets/場景/房間/Image_31.001.jpg
  artifactKey: Guid(f6c1e81d009227c458c4a69177bb8cbf) Importer(815301076,1909f56bfc062723c751e8b465ee728b)
Start importing Assets/場景/房間/Image_31.001.jpg using Guid(f6c1e81d009227c458c4a69177bb8cbf) Importer(815301076,1909f56bfc062723c751e8b465ee728b) [PhysX] Initialized MultithreadedTaskDispatcher with 32 workers.
[PhysX] Initialized MultithreadedTaskDispatcher with 32 workers.
 -> (artifact id: 'b735b0c8f17fc0d6e4ab83e086d1eba7') in 0.004631 seconds
Number of updated asset objects reloaded before import = 0
Number of asset objects unloaded after import = 2
========================================================================
Received Import Request.
  Time since last request: 0.000014 seconds.
  path: Assets/場景/房間/Image_4.006.png
  artifactKey: Guid(551ea247f3f1aa84a85a3019fda21f38) Importer(815301076,1909f56bfc062723c751e8b465ee728b)
Start importing Assets/場景/房間/Image_4.006.png using Guid(551ea247f3f1aa84a85a3019fda21f38) Importer(815301076,1909f56bfc062723c751e8b465ee728b) [PhysX] Initialized MultithreadedTaskDispatcher with 32 workers.
[PhysX] Initialized MultithreadedTaskDispatcher with 32 workers.
 -> (artifact id: 'ba842b06b058d68cbb4baaa602125c06') in 0.005186 seconds
Number of updated asset objects reloaded before import = 0
Number of asset objects unloaded after import = 2
========================================================================
Received Import Request.
  Time since last request: 0.000012 seconds.
  path: Assets/場景/房間/Image_9.003.jpg
  artifactKey: Guid(26048d824c9a231409b7c7d955c859ee) Importer(815301076,1909f56bfc062723c751e8b465ee728b)
Start importing Assets/場景/房間/Image_9.003.jpg using Guid(26048d824c9a231409b7c7d955c859ee) Importer(815301076,1909f56bfc062723c751e8b465ee728b) [PhysX] Initialized MultithreadedTaskDispatcher with 32 workers.
[PhysX] Initialized MultithreadedTaskDispatcher with 32 workers.
 -> (artifact id: 'edcff018cc745c7deea711b951fb4872') in 0.005892 seconds
Number of updated asset objects reloaded before import = 0
Number of asset objects unloaded after import = 2
========================================================================
Received Import Request.
  Time since last request: 0.000071 seconds.
  path: Assets/場景/房間/Image_5.010.jpg
  artifactKey: Guid(d634462966c601946a5632506361dff3) Importer(815301076,1909f56bfc062723c751e8b465ee728b)
Start importing Assets/場景/房間/Image_5.010.jpg using Guid(d634462966c601946a5632506361dff3) Importer(815301076,1909f56bfc062723c751e8b465ee728b) [PhysX] Initialized MultithreadedTaskDispatcher with 32 workers.
[PhysX] Initialized MultithreadedTaskDispatcher with 32 workers.
 -> (artifact id: '380cec89fbdf06b26e5e66f69b9a75c6') in 0.006150 seconds
Number of updated asset objects reloaded before import = 0
Number of asset objects unloaded after import = 2
========================================================================
Received Import Request.
  Time since last request: 0.000011 seconds.
  path: Assets/場景/房間/Image_25.001.jpg
  artifactKey: Guid(5efa55b6cfa83cc4095ba8b8b0247097) Importer(815301076,1909f56bfc062723c751e8b465ee728b)
Start importing Assets/場景/房間/Image_25.001.jpg using Guid(5efa55b6cfa83cc4095ba8b8b0247097) Importer(815301076,1909f56bfc062723c751e8b465ee728b) [PhysX] Initialized MultithreadedTaskDispatcher with 32 workers.
[PhysX] Initialized MultithreadedTaskDispatcher with 32 workers.
 -> (artifact id: 'efb50f221cf9d57072e765de8df6332d') in 0.014247 seconds
Number of updated asset objects reloaded before import = 0
Number of asset objects unloaded after import = 2
========================================================================
Received Import Request.
  Time since last request: 0.000014 seconds.
  path: Assets/場景/房間/Image_40.jpg
  artifactKey: Guid(4d777c5a28e75ec488a08c77d1921303) Importer(815301076,1909f56bfc062723c751e8b465ee728b)
Start importing Assets/場景/房間/Image_40.jpg using Guid(4d777c5a28e75ec488a08c77d1921303) Importer(815301076,1909f56bfc062723c751e8b465ee728b) [PhysX] Initialized MultithreadedTaskDispatcher with 32 workers.
[PhysX] Initialized MultithreadedTaskDispatcher with 32 workers.
 -> (artifact id: '555febc532a3a515fc7670ea0c7856c9') in 0.006393 seconds
Number of updated asset objects reloaded before import = 0
Number of asset objects unloaded after import = 2
========================================================================
Received Import Request.
  Time since last request: 0.000013 seconds.
  path: Assets/場景/房間/Image_10.001.jpg
  artifactKey: Guid(77afbe4043f8cfc4f97ddd1128e71763) Importer(815301076,1909f56bfc062723c751e8b465ee728b)
Start importing Assets/場景/房間/Image_10.001.jpg using Guid(77afbe4043f8cfc4f97ddd1128e71763) Importer(815301076,1909f56bfc062723c751e8b465ee728b) [PhysX] Initialized MultithreadedTaskDispatcher with 32 workers.
[PhysX] Initialized MultithreadedTaskDispatcher with 32 workers.
 -> (artifact id: 'b6258f09c331398633d16e5ea7c1d91f') in 0.008018 seconds
Number of updated asset objects reloaded before import = 0
Number of asset objects unloaded after import = 2
========================================================================
Received Import Request.
  Time since last request: 0.000011 seconds.
  path: Assets/場景/房間/Image_38.jpg
  artifactKey: Guid(2e391598519dac34d8be18b7570ff273) Importer(815301076,1909f56bfc062723c751e8b465ee728b)
Start importing Assets/場景/房間/Image_38.jpg using Guid(2e391598519dac34d8be18b7570ff273) Importer(815301076,1909f56bfc062723c751e8b465ee728b) [PhysX] Initialized MultithreadedTaskDispatcher with 32 workers.
[PhysX] Initialized MultithreadedTaskDispatcher with 32 workers.
 -> (artifact id: '69494080f4f1f58bc202820ce2d5b6c5') in 0.004399 seconds
Number of updated asset objects reloaded before import = 0
Number of asset objects unloaded after import = 2
========================================================================
Received Import Request.
  Time since last request: 0.000013 seconds.
  path: Assets/場景/房間/Image_33.jpg
  artifactKey: Guid(400914a93f632004d819d265da6e285e) Importer(815301076,1909f56bfc062723c751e8b465ee728b)
Start importing Assets/場景/房間/Image_33.jpg using Guid(400914a93f632004d819d265da6e285e) Importer(815301076,1909f56bfc062723c751e8b465ee728b) [PhysX] Initialized MultithreadedTaskDispatcher with 32 workers.
[PhysX] Initialized MultithreadedTaskDispatcher with 32 workers.
 -> (artifact id: '0ee312687a61aac98d9d1b9f2b95b260') in 0.004746 seconds
Number of updated asset objects reloaded before import = 0
Number of asset objects unloaded after import = 2
========================================================================
Received Import Request.
  Time since last request: 0.000010 seconds.
  path: Assets/場景/房間/Image_8.002.png
  artifactKey: Guid(d2ee95aca8b87774b8acbc8801ec8b77) Importer(815301076,1909f56bfc062723c751e8b465ee728b)
Start importing Assets/場景/房間/Image_8.002.png using Guid(d2ee95aca8b87774b8acbc8801ec8b77) Importer(815301076,1909f56bfc062723c751e8b465ee728b) [PhysX] Initialized MultithreadedTaskDispatcher with 32 workers.
[PhysX] Initialized MultithreadedTaskDispatcher with 32 workers.
 -> (artifact id: '01fc0ea4f5a35c69678b8e8c610d10e7') in 0.005487 seconds
Number of updated asset objects reloaded before import = 0
Number of asset objects unloaded after import = 2
========================================================================
Received Import Request.
  Time since last request: 0.000015 seconds.
  path: Assets/場景/房間/Image_14.png
  artifactKey: Guid(7412820ab6cf2d1418b0e241863947a4) Importer(815301076,1909f56bfc062723c751e8b465ee728b)
Start importing Assets/場景/房間/Image_14.png using Guid(7412820ab6cf2d1418b0e241863947a4) Importer(815301076,1909f56bfc062723c751e8b465ee728b) [PhysX] Initialized MultithreadedTaskDispatcher with 32 workers.
[PhysX] Initialized MultithreadedTaskDispatcher with 32 workers.
 -> (artifact id: '2702d87ecfd4d2ab88550efa559673ca') in 0.010232 seconds
Number of updated asset objects reloaded before import = 0
Number of asset objects unloaded after import = 2
========================================================================
Received Import Request.
  Time since last request: 0.000014 seconds.
  path: Assets/場景/房間/Image_24.001.png
  artifactKey: Guid(7c1de7a442ce12f4593574a7d0388a80) Importer(815301076,1909f56bfc062723c751e8b465ee728b)
Start importing Assets/場景/房間/Image_24.001.png using Guid(7c1de7a442ce12f4593574a7d0388a80) Importer(815301076,1909f56bfc062723c751e8b465ee728b) [PhysX] Initialized MultithreadedTaskDispatcher with 32 workers.
[PhysX] Initialized MultithreadedTaskDispatcher with 32 workers.
 -> (artifact id: '930ebb6d463e13842b9b1643f1de8041') in 0.006352 seconds
Number of updated asset objects reloaded before import = 0
Number of asset objects unloaded after import = 2
========================================================================
Received Import Request.
  Time since last request: 0.000013 seconds.
  path: Assets/場景/房間/Image_18.001.jpg
  artifactKey: Guid(5e98431822995a044a6c60e8a766f827) Importer(815301076,1909f56bfc062723c751e8b465ee728b)
Start importing Assets/場景/房間/Image_18.001.jpg using Guid(5e98431822995a044a6c60e8a766f827) Importer(815301076,1909f56bfc062723c751e8b465ee728b) [PhysX] Initialized MultithreadedTaskDispatcher with 32 workers.
[PhysX] Initialized MultithreadedTaskDispatcher with 32 workers.
 -> (artifact id: 'd8707c0be199d3df46884575ef80be5c') in 0.005563 seconds
Number of updated asset objects reloaded before import = 0
Number of asset objects unloaded after import = 2
========================================================================
Received Import Request.
  Time since last request: 0.000021 seconds.
  path: Assets/場景/房間/Image_17.001.jpg
  artifactKey: Guid(9dc8f434c20331a40b5aff9fbc23a8ff) Importer(815301076,1909f56bfc062723c751e8b465ee728b)
Start importing Assets/場景/房間/Image_17.001.jpg using Guid(9dc8f434c20331a40b5aff9fbc23a8ff) Importer(815301076,1909f56bfc062723c751e8b465ee728b) [PhysX] Initialized MultithreadedTaskDispatcher with 32 workers.
[PhysX] Initialized MultithreadedTaskDispatcher with 32 workers.
 -> (artifact id: '891f5daa3dc49d8edb9b5726048dd688') in 0.005164 seconds
Number of updated asset objects reloaded before import = 0
Number of asset objects unloaded after import = 2
========================================================================
Received Import Request.
  Time since last request: 0.000011 seconds.
  path: Assets/場景/房間/Image_10.003.png
  artifactKey: Guid(445e0df4ef75cce41abb41bfd12b937b) Importer(815301076,1909f56bfc062723c751e8b465ee728b)
Start importing Assets/場景/房間/Image_10.003.png using Guid(445e0df4ef75cce41abb41bfd12b937b) Importer(815301076,1909f56bfc062723c751e8b465ee728b) [PhysX] Initialized MultithreadedTaskDispatcher with 32 workers.
[PhysX] Initialized MultithreadedTaskDispatcher with 32 workers.
 -> (artifact id: '19a16c971fde0ce7805ce5dae6004535') in 0.005651 seconds
Number of updated asset objects reloaded before import = 0
Number of asset objects unloaded after import = 2
========================================================================
Received Import Request.
  Time since last request: 0.000013 seconds.
  path: Assets/場景/房間/Image_32.001.jpg
  artifactKey: Guid(6e157f0aa054b644b9e171b6dc630376) Importer(815301076,1909f56bfc062723c751e8b465ee728b)
Start importing Assets/場景/房間/Image_32.001.jpg using Guid(6e157f0aa054b644b9e171b6dc630376) Importer(815301076,1909f56bfc062723c751e8b465ee728b) [PhysX] Initialized MultithreadedTaskDispatcher with 32 workers.
[PhysX] Initialized MultithreadedTaskDispatcher with 32 workers.
 -> (artifact id: 'e7e5d2431a7e44b18ff3846f802d08b9') in 0.004726 seconds
Number of updated asset objects reloaded before import = 0
Number of asset objects unloaded after import = 2
========================================================================
Received Import Request.
  Time since last request: 0.000012 seconds.
  path: Assets/場景/房間/Image_10.002.jpg
  artifactKey: Guid(aa475523ed7abdd4f95ffa8bbbfeea1a) Importer(815301076,1909f56bfc062723c751e8b465ee728b)
Start importing Assets/場景/房間/Image_10.002.jpg using Guid(aa475523ed7abdd4f95ffa8bbbfeea1a) Importer(815301076,1909f56bfc062723c751e8b465ee728b) [PhysX] Initialized MultithreadedTaskDispatcher with 32 workers.
[PhysX] Initialized MultithreadedTaskDispatcher with 32 workers.
 -> (artifact id: '4071ed959074900f0be1e992573ff0d5') in 0.007355 seconds
Number of updated asset objects reloaded before import = 0
Number of asset objects unloaded after import = 2
========================================================================
Received Import Request.
  Time since last request: 0.000012 seconds.
  path: Assets/場景/房間/Image_41.png
  artifactKey: Guid(b120b55d1905fbf43b6ab879ac613ddb) Importer(815301076,1909f56bfc062723c751e8b465ee728b)
Start importing Assets/場景/房間/Image_41.png using Guid(b120b55d1905fbf43b6ab879ac613ddb) Importer(815301076,1909f56bfc062723c751e8b465ee728b) [PhysX] Initialized MultithreadedTaskDispatcher with 32 workers.
[PhysX] Initialized MultithreadedTaskDispatcher with 32 workers.
 -> (artifact id: '641dd65c3bd8ffb13d04219d3c632f11') in 0.006751 seconds
Number of updated asset objects reloaded before import = 0
Number of asset objects unloaded after import = 2
========================================================================
Received Import Request.
  Time since last request: 0.000012 seconds.
  path: Assets/場景/房間/Image_16.002.jpg
  artifactKey: Guid(6498503dc00ccd44e97c6f08bca7ae28) Importer(815301076,1909f56bfc062723c751e8b465ee728b)
Start importing Assets/場景/房間/Image_16.002.jpg using Guid(6498503dc00ccd44e97c6f08bca7ae28) Importer(815301076,1909f56bfc062723c751e8b465ee728b) [PhysX] Initialized MultithreadedTaskDispatcher with 32 workers.
[PhysX] Initialized MultithreadedTaskDispatcher with 32 workers.
 -> (artifact id: 'f1a2fdb0ccecd90320878376b6f0ce00') in 0.009486 seconds
Number of updated asset objects reloaded before import = 0
Number of asset objects unloaded after import = 2
========================================================================
Received Import Request.
  Time since last request: 0.000013 seconds.
  path: Assets/場景/房間/Image_22.001.jpg
  artifactKey: Guid(d309d53bc4bda82499dcbb4526bc3e36) Importer(815301076,1909f56bfc062723c751e8b465ee728b)
Start importing Assets/場景/房間/Image_22.001.jpg using Guid(d309d53bc4bda82499dcbb4526bc3e36) Importer(815301076,1909f56bfc062723c751e8b465ee728b) [PhysX] Initialized MultithreadedTaskDispatcher with 32 workers.
[PhysX] Initialized MultithreadedTaskDispatcher with 32 workers.
 -> (artifact id: '33861b4fe1287ac56cb01bace9e4404e') in 0.006592 seconds
Number of updated asset objects reloaded before import = 0
Number of asset objects unloaded after import = 2
========================================================================
Received Import Request.
  Time since last request: 0.000014 seconds.
  path: Assets/場景/房間/Image_7.003.png
  artifactKey: Guid(4b86ae103a5e85b4c81308f755488c02) Importer(815301076,1909f56bfc062723c751e8b465ee728b)
Start importing Assets/場景/房間/Image_7.003.png using Guid(4b86ae103a5e85b4c81308f755488c02) Importer(815301076,1909f56bfc062723c751e8b465ee728b) [PhysX] Initialized MultithreadedTaskDispatcher with 32 workers.
[PhysX] Initialized MultithreadedTaskDispatcher with 32 workers.
 -> (artifact id: 'fc54220f03c9262fdd26eb5f69fd7467') in 0.006974 seconds
Number of updated asset objects reloaded before import = 0
Number of asset objects unloaded after import = 2
========================================================================
Received Import Request.
  Time since last request: 0.000014 seconds.
  path: Assets/場景/房間/Image_5.011.png
  artifactKey: Guid(2eea8b8c39363644da7da2b955e2e319) Importer(815301076,1909f56bfc062723c751e8b465ee728b)
Start importing Assets/場景/房間/Image_5.011.png using Guid(2eea8b8c39363644da7da2b955e2e319) Importer(815301076,1909f56bfc062723c751e8b465ee728b) [PhysX] Initialized MultithreadedTaskDispatcher with 32 workers.
[PhysX] Initialized MultithreadedTaskDispatcher with 32 workers.
 -> (artifact id: 'e8c71e64b3fd8627669fdb97d92871e5') in 0.006270 seconds
Number of updated asset objects reloaded before import = 0
Number of asset objects unloaded after import = 2
========================================================================
Received Import Request.
  Time since last request: 0.000013 seconds.
  path: Assets/場景/房間/old_chair_bcolor.001.png
  artifactKey: Guid(5fbcd367e1fe4c44bbed6114b314841a) Importer(815301076,1909f56bfc062723c751e8b465ee728b)
Start importing Assets/場景/房間/old_chair_bcolor.001.png using Guid(5fbcd367e1fe4c44bbed6114b314841a) Importer(815301076,1909f56bfc062723c751e8b465ee728b) [PhysX] Initialized MultithreadedTaskDispatcher with 32 workers.
[PhysX] Initialized MultithreadedTaskDispatcher with 32 workers.
 -> (artifact id: '49ac6961c3462d587cfb20d0fb45e1a3') in 0.007046 seconds
Number of updated asset objects reloaded before import = 0
Number of asset objects unloaded after import = 2
========================================================================
Received Import Request.
  Time since last request: 0.000014 seconds.
  path: Assets/場景/房間/TM0001-01170-P1.jpg
  artifactKey: Guid(41d69597ac543274ba172c80af69524e) Importer(815301076,1909f56bfc062723c751e8b465ee728b)
Start importing Assets/場景/房間/TM0001-01170-P1.jpg using Guid(41d69597ac543274ba172c80af69524e) Importer(815301076,1909f56bfc062723c751e8b465ee728b) [PhysX] Initialized MultithreadedTaskDispatcher with 32 workers.
[PhysX] Initialized MultithreadedTaskDispatcher with 32 workers.
 -> (artifact id: '530098dd1bf657cdbd69f486bd79b9c8') in 0.006183 seconds
Number of updated asset objects reloaded before import = 0
Number of asset objects unloaded after import = 2
========================================================================
Received Import Request.
  Time since last request: 0.000012 seconds.
  path: Assets/場景/房間/old_chair_Normal.001.png
  artifactKey: Guid(c5c55afd8de4ed348aea1398ab2d763a) Importer(815301076,1909f56bfc062723c751e8b465ee728b)
Start importing Assets/場景/房間/old_chair_Normal.001.png using Guid(c5c55afd8de4ed348aea1398ab2d763a) Importer(815301076,1909f56bfc062723c751e8b465ee728b) [PhysX] Initialized MultithreadedTaskDispatcher with 32 workers.
[PhysX] Initialized MultithreadedTaskDispatcher with 32 workers.
 -> (artifact id: '777102e0cfd0b9e6bc10c33be7453689') in 0.009830 seconds
Number of updated asset objects reloaded before import = 0
Number of asset objects unloaded after import = 2
========================================================================
Received Import Request.
  Time since last request: 0.000022 seconds.
  path: Assets/場景/房間/Image_6.010.jpg
  artifactKey: Guid(566de41f094d0d543ae9909015ddfd23) Importer(815301076,1909f56bfc062723c751e8b465ee728b)
Start importing Assets/場景/房間/Image_6.010.jpg using Guid(566de41f094d0d543ae9909015ddfd23) Importer(815301076,1909f56bfc062723c751e8b465ee728b) [PhysX] Initialized MultithreadedTaskDispatcher with 32 workers.
[PhysX] Initialized MultithreadedTaskDispatcher with 32 workers.
 -> (artifact id: 'ae6fd76a252ba4da04a8369eb37fe39f') in 0.005501 seconds
Number of updated asset objects reloaded before import = 0
Number of asset objects unloaded after import = 2
========================================================================
Received Import Request.
  Time since last request: 0.000013 seconds.
  path: Assets/場景/房間/Image_19.002.png
  artifactKey: Guid(e318936f828949446897ea4269068a6e) Importer(815301076,1909f56bfc062723c751e8b465ee728b)
Start importing Assets/場景/房間/Image_19.002.png using Guid(e318936f828949446897ea4269068a6e) Importer(815301076,1909f56bfc062723c751e8b465ee728b) [PhysX] Initialized MultithreadedTaskDispatcher with 32 workers.
[PhysX] Initialized MultithreadedTaskDispatcher with 32 workers.
 -> (artifact id: '279fa5e2d9163aaccf90b2b2188a2496') in 0.005504 seconds
Number of updated asset objects reloaded before import = 0
Number of asset objects unloaded after import = 2
========================================================================
Received Import Request.
  Time since last request: 0.000012 seconds.
  path: Assets/場景/房間/Image_26.png
  artifactKey: Guid(7c32c72be68af5f47be08d9aa21fb060) Importer(815301076,1909f56bfc062723c751e8b465ee728b)
Start importing Assets/場景/房間/Image_26.png using Guid(7c32c72be68af5f47be08d9aa21fb060) Importer(815301076,1909f56bfc062723c751e8b465ee728b) [PhysX] Initialized MultithreadedTaskDispatcher with 32 workers.
[PhysX] Initialized MultithreadedTaskDispatcher with 32 workers.
 -> (artifact id: '3e8e62e9dd20605664c84a6e796f0680') in 0.009601 seconds
Number of updated asset objects reloaded before import = 0
Number of asset objects unloaded after import = 2
========================================================================
Received Import Request.
  Time since last request: 0.000025 seconds.
  path: Assets/場景/房間/Image_11.png
  artifactKey: Guid(988da8e33f59a6b4988b5f95dace5c26) Importer(815301076,1909f56bfc062723c751e8b465ee728b)
Start importing Assets/場景/房間/Image_11.png using Guid(988da8e33f59a6b4988b5f95dace5c26) Importer(815301076,1909f56bfc062723c751e8b465ee728b) [PhysX] Initialized MultithreadedTaskDispatcher with 32 workers.
[PhysX] Initialized MultithreadedTaskDispatcher with 32 workers.
 -> (artifact id: '143c39981cf0a0dec74ae950c473c061') in 0.010104 seconds
Number of updated asset objects reloaded before import = 0
Number of asset objects unloaded after import = 2
========================================================================
Received Import Request.
  Time since last request: 0.000012 seconds.
  path: Assets/場景/房間/Image_6.008.jpg
  artifactKey: Guid(51f0a82b982dc5b41b7778e1d8f3e786) Importer(815301076,1909f56bfc062723c751e8b465ee728b)
Start importing Assets/場景/房間/Image_6.008.jpg using Guid(51f0a82b982dc5b41b7778e1d8f3e786) Importer(815301076,1909f56bfc062723c751e8b465ee728b) [PhysX] Initialized MultithreadedTaskDispatcher with 32 workers.
[PhysX] Initialized MultithreadedTaskDispatcher with 32 workers.
 -> (artifact id: 'e2836295d944c14c4707d0760345e1d5') in 0.005015 seconds
Number of updated asset objects reloaded before import = 0
Number of asset objects unloaded after import = 2
========================================================================
Received Import Request.
  Time since last request: 0.000017 seconds.
  path: Assets/場景/房間/Image_8.png
  artifactKey: Guid(d8f083df7e0b2bb448dfcabd3fc85e48) Importer(815301076,1909f56bfc062723c751e8b465ee728b)
Start importing Assets/場景/房間/Image_8.png using Guid(d8f083df7e0b2bb448dfcabd3fc85e48) Importer(815301076,1909f56bfc062723c751e8b465ee728b) [PhysX] Initialized MultithreadedTaskDispatcher with 32 workers.
[PhysX] Initialized MultithreadedTaskDispatcher with 32 workers.
 -> (artifact id: '5143240ddf0ae1157cf3001fe4a17341') in 0.009626 seconds
Number of updated asset objects reloaded before import = 0
Number of asset objects unloaded after import = 2
========================================================================
Received Import Request.
  Time since last request: 0.000012 seconds.
  path: Assets/場景/房間/Image_6.005.jpg
  artifactKey: Guid(c68bf6b19c718ee4f81c838addeece6e) Importer(815301076,1909f56bfc062723c751e8b465ee728b)
Start importing Assets/場景/房間/Image_6.005.jpg using Guid(c68bf6b19c718ee4f81c838addeece6e) Importer(815301076,1909f56bfc062723c751e8b465ee728b) [PhysX] Initialized MultithreadedTaskDispatcher with 32 workers.
[PhysX] Initialized MultithreadedTaskDispatcher with 32 workers.
 -> (artifact id: '729d359c5a82f5fab96dc37b168adae5') in 0.005760 seconds
Number of updated asset objects reloaded before import = 0
Number of asset objects unloaded after import = 2
========================================================================
Received Import Request.
  Time since last request: 0.000014 seconds.
  path: Assets/場景/房間/Image_37.jpg
  artifactKey: Guid(aa38ed12ec5f14f439b0bc74dbae97df) Importer(815301076,1909f56bfc062723c751e8b465ee728b)
Start importing Assets/場景/房間/Image_37.jpg using Guid(aa38ed12ec5f14f439b0bc74dbae97df) Importer(815301076,1909f56bfc062723c751e8b465ee728b) [PhysX] Initialized MultithreadedTaskDispatcher with 32 workers.
[PhysX] Initialized MultithreadedTaskDispatcher with 32 workers.
 -> (artifact id: 'de1c7f616984f3251f3f159dd56312d0') in 0.005128 seconds
Number of updated asset objects reloaded before import = 0
Number of asset objects unloaded after import = 2
========================================================================
Received Import Request.
  Time since last request: 0.000013 seconds.
  path: Assets/場景/房間/Image_6.004.jpg
  artifactKey: Guid(e216b9d1664efe84596a80c778843718) Importer(815301076,1909f56bfc062723c751e8b465ee728b)
Start importing Assets/場景/房間/Image_6.004.jpg using Guid(e216b9d1664efe84596a80c778843718) Importer(815301076,1909f56bfc062723c751e8b465ee728b) [PhysX] Initialized MultithreadedTaskDispatcher with 32 workers.
[PhysX] Initialized MultithreadedTaskDispatcher with 32 workers.
 -> (artifact id: 'a554adaa6f57285160cfb6bf8ccea1bb') in 0.007359 seconds
Number of updated asset objects reloaded before import = 0
Number of asset objects unloaded after import = 2
========================================================================
Received Import Request.
  Time since last request: 0.000013 seconds.
  path: Assets/場景/房間/Image_5.003.png
  artifactKey: Guid(e923b78b68aa0094a81f8a0047eb0890) Importer(815301076,1909f56bfc062723c751e8b465ee728b)
Start importing Assets/場景/房間/Image_5.003.png using Guid(e923b78b68aa0094a81f8a0047eb0890) Importer(815301076,1909f56bfc062723c751e8b465ee728b) [PhysX] Initialized MultithreadedTaskDispatcher with 32 workers.
[PhysX] Initialized MultithreadedTaskDispatcher with 32 workers.
 -> (artifact id: '12e8d06c97932014eb2f47fd2b94a4ca') in 0.010167 seconds
Number of updated asset objects reloaded before import = 0
Number of asset objects unloaded after import = 2
========================================================================
Received Import Request.
  Time since last request: 0.000014 seconds.
  path: Assets/場景/房間/Image_8.007.jpg
  artifactKey: Guid(31166fdcfa3bb5647a5fecb8d620d5d5) Importer(815301076,1909f56bfc062723c751e8b465ee728b)
Start importing Assets/場景/房間/Image_8.007.jpg using Guid(31166fdcfa3bb5647a5fecb8d620d5d5) Importer(815301076,1909f56bfc062723c751e8b465ee728b) [PhysX] Initialized MultithreadedTaskDispatcher with 32 workers.
[PhysX] Initialized MultithreadedTaskDispatcher with 32 workers.
 -> (artifact id: '9bd2a4a7800f851022866a9983165a0b') in 0.005026 seconds
Number of updated asset objects reloaded before import = 0
Number of asset objects unloaded after import = 2
========================================================================
Received Import Request.
  Time since last request: 0.000012 seconds.
  path: Assets/場景/房間/Image_13.png
  artifactKey: Guid(54261075e0b29714d88a45880715f5d3) Importer(815301076,1909f56bfc062723c751e8b465ee728b)
Start importing Assets/場景/房間/Image_13.png using Guid(54261075e0b29714d88a45880715f5d3) Importer(815301076,1909f56bfc062723c751e8b465ee728b) [PhysX] Initialized MultithreadedTaskDispatcher with 32 workers.
[PhysX] Initialized MultithreadedTaskDispatcher with 32 workers.
 -> (artifact id: '4be75dfc0a80ae3ee076427b3d72eb85') in 0.007226 seconds
Number of updated asset objects reloaded before import = 0
Number of asset objects unloaded after import = 2
========================================================================
Received Import Request.
  Time since last request: 0.000013 seconds.
  path: Assets/場景/房間/Image_8.005.png
  artifactKey: Guid(e7ba2854302688b44a0ba79052d5b5d9) Importer(815301076,1909f56bfc062723c751e8b465ee728b)
Start importing Assets/場景/房間/Image_8.005.png using Guid(e7ba2854302688b44a0ba79052d5b5d9) Importer(815301076,1909f56bfc062723c751e8b465ee728b) [PhysX] Initialized MultithreadedTaskDispatcher with 32 workers.
[PhysX] Initialized MultithreadedTaskDispatcher with 32 workers.
 -> (artifact id: '81c753064350f69379a201672eb565db') in 0.006702 seconds
Number of updated asset objects reloaded before import = 0
Number of asset objects unloaded after import = 2
Editor requested this worker to shutdown with reason: Scaling down because of idle timeout
TcpMessagingSession - receive error: operation aborted. errorcode: 995, details: ]ε{nDAҥHw I/O ާ@C
AssetImportWorker is now disconnected from the server
Process exiting
Exiting without the bug reporter. Application will terminate with return code 0