Using pre-set license
Built from '2022.3/staging' branch; Version is '2022.3.40f1 (cbdda657d2f0) revision 13360550'; Using compiler version '192829333'; Build Type 'Release'
OS: 'Windows 11  (10.0.26100) 64bit Core' Language: 'zh' Physical Memory: 32378 MB
BatchMode: 1, IsHumanControllingUs: 0, StartBugReporterOnCrash: 0, Is64bit: 1, IsPro: 1

COMMAND LINE ARGUMENTS:
C:\Program Files\Unity\Hub\Editor\2022.3.40f1\Editor\Unity.exe
-adb2
-batchMode
-noUpm
-name
AssetImportWorker1
-projectPath
C:/Users/p0910/Documents/UNITY/AITalk2
-logFile
Logs/AssetImportWorker1.log
-srvPort
58226
Successfully changed project path to: C:/Users/p0910/Documents/UNITY/AITalk2
C:/Users/p0910/Documents/UNITY/AITalk2
[UnityMemory] Configuration Parameters - Can be set up in boot.config
    "memorysetup-bucket-allocator-granularity=16"
    "memorysetup-bucket-allocator-bucket-count=8"
    "memorysetup-bucket-allocator-block-size=33554432"
    "memorysetup-bucket-allocator-block-count=8"
    "memorysetup-main-allocator-block-size=16777216"
    "memorysetup-thread-allocator-block-size=16777216"
    "memorysetup-gfx-main-allocator-block-size=16777216"
    "memorysetup-gfx-thread-allocator-block-size=16777216"
    "memorysetup-cache-allocator-block-size=4194304"
    "memorysetup-typetree-allocator-block-size=2097152"
    "memorysetup-profiler-bucket-allocator-granularity=16"
    "memorysetup-profiler-bucket-allocator-bucket-count=8"
    "memorysetup-profiler-bucket-allocator-block-size=33554432"
    "memorysetup-profiler-bucket-allocator-block-count=8"
    "memorysetup-profiler-allocator-block-size=16777216"
    "memorysetup-profiler-editor-allocator-block-size=1048576"
    "memorysetup-temp-allocator-size-main=16777216"
    "memorysetup-job-temp-allocator-block-size=2097152"
    "memorysetup-job-temp-allocator-block-size-background=1048576"
    "memorysetup-job-temp-allocator-reduction-small-platforms=262144"
    "memorysetup-allocator-temp-initial-block-size-main=262144"
    "memorysetup-allocator-temp-initial-block-size-worker=262144"
    "memorysetup-temp-allocator-size-background-worker=32768"
    "memorysetup-temp-allocator-size-job-worker=262144"
    "memorysetup-temp-allocator-size-preload-manager=33554432"
    "memorysetup-temp-allocator-size-nav-mesh-worker=65536"
    "memorysetup-temp-allocator-size-audio-worker=65536"
    "memorysetup-temp-allocator-size-cloud-worker=32768"
    "memorysetup-temp-allocator-size-gi-baking-worker=262144"
    "memorysetup-temp-allocator-size-gfx=262144"
Player connection [33196]  Target information:

Player connection [33196]  * "[IP] 192.168.9.21 [Port] 0 [Flags] 2 [Guid] 2082460633 [EditorId] 2082460633 [Version] 1048832 [Id] WindowsEditor(7,ruby0203) [Debug] 1 [PackageName] WindowsEditor [ProjectName] Editor" 

Player connection [33196] Host joined multi-casting on [225.0.0.222:54997]...
Player connection [33196] Host joined alternative multi-casting on [225.0.0.222:34997]...
[PhysX] Initialized MultithreadedTaskDispatcher with 32 workers.
Refreshing native plugins compatible for Editor in 5.56 ms, found 3 plugins.
Preloading 0 native plugins for Editor in 0.00 ms.
Initialize engine version: 2022.3.40f1 (cbdda657d2f0)
[Subsystems] Discovering subsystems at path C:/Program Files/Unity/Hub/Editor/2022.3.40f1/Editor/Data/Resources/UnitySubsystems
[Subsystems] Discovering subsystems at path C:/Users/p0910/Documents/UNITY/AITalk2/Assets
GfxDevice: creating device client; threaded=0; jobified=0
Direct3D:
    Version:  Direct3D 11.0 [level 11.1]
    Renderer: NVIDIA GeForce RTX 4060 Laptop GPU (ID=0x28e0)
    Vendor:   NVIDIA
    VRAM:     7957 MB
    Driver:   32.0.15.5597
Initialize mono
Mono path[0] = 'C:/Program Files/Unity/Hub/Editor/2022.3.40f1/Editor/Data/Managed'
Mono path[1] = 'C:/Program Files/Unity/Hub/Editor/2022.3.40f1/Editor/Data/MonoBleedingEdge/lib/mono/unityjit-win32'
Mono config path = 'C:/Program Files/Unity/Hub/Editor/2022.3.40f1/Editor/Data/MonoBleedingEdge/etc'
Using monoOptions --debugger-agent=transport=dt_socket,embedding=1,server=y,suspend=n,address=127.0.0.1:56804
Begin MonoManager ReloadAssembly
Registering precompiled unity dll's ...
Register platform support module: C:/Program Files/Unity/Hub/Editor/2022.3.40f1/Editor/Data/PlaybackEngines/AndroidPlayer/UnityEditor.Android.Extensions.dll
Register platform support module: C:/Program Files/Unity/Hub/Editor/2022.3.40f1/Editor/Data/PlaybackEngines/WindowsStandaloneSupport/UnityEditor.WindowsStandalone.Extensions.dll
Registered in 0.007101 seconds.
- Loaded All Assemblies, in  0.238 seconds
Native extension for WindowsStandalone target not found
Native extension for Android target not found
Mono: successfully reloaded assembly
- Finished resetting the current domain, in  0.195 seconds
Domain Reload Profiling: 431ms
	BeginReloadAssembly (74ms)
		ExecutionOrderSort (0ms)
		DisableScriptedObjects (0ms)
		BackupInstance (0ms)
		ReleaseScriptingObjects (0ms)
		CreateAndSetChildDomain (0ms)
	RebuildCommonClasses (21ms)
	RebuildNativeTypeToScriptingClass (6ms)
	initialDomainReloadingComplete (41ms)
	LoadAllAssembliesAndSetupDomain (94ms)
		LoadAssemblies (73ms)
		RebuildTransferFunctionScriptingTraits (0ms)
		AnalyzeDomain (92ms)
			TypeCache.Refresh (91ms)
				TypeCache.ScanAssembly (82ms)
			ScanForSourceGeneratedMonoScriptInfo (0ms)
			ResolveRequiredComponents (0ms)
	FinalizeReload (195ms)
		ReleaseScriptCaches (0ms)
		RebuildScriptCaches (0ms)
		SetupLoadedEditorAssemblies (167ms)
			LogAssemblyErrors (0ms)
			InitializePlatformSupportModulesInManaged (57ms)
			SetLoadedEditorAssemblies (3ms)
			RefreshPlugins (0ms)
			BeforeProcessingInitializeOnLoad (1ms)
			ProcessInitializeOnLoadAttributes (76ms)
			ProcessInitializeOnLoadMethodAttributes (30ms)
			AfterProcessingInitializeOnLoad (0ms)
			EditorAssembliesLoaded (0ms)
		ExecutionOrderSort2 (0ms)
		AwakeInstancesAfterBackupRestoration (0ms)
========================================================================
Worker process is ready to serve import requests
Caller must complete domain reload
Begin MonoManager ReloadAssembly
- Loaded All Assemblies, in  0.432 seconds
Native extension for WindowsStandalone target not found
Native extension for Android target not found
Mono: successfully reloaded assembly
- Finished resetting the current domain, in  0.361 seconds
Domain Reload Profiling: 791ms
	BeginReloadAssembly (100ms)
		ExecutionOrderSort (0ms)
		DisableScriptedObjects (3ms)
		BackupInstance (0ms)
		ReleaseScriptingObjects (0ms)
		CreateAndSetChildDomain (15ms)
	RebuildCommonClasses (21ms)
	RebuildNativeTypeToScriptingClass (6ms)
	initialDomainReloadingComplete (27ms)
	LoadAllAssembliesAndSetupDomain (276ms)
		LoadAssemblies (221ms)
		RebuildTransferFunctionScriptingTraits (0ms)
		AnalyzeDomain (113ms)
			TypeCache.Refresh (99ms)
				TypeCache.ScanAssembly (88ms)
			ScanForSourceGeneratedMonoScriptInfo (9ms)
			ResolveRequiredComponents (3ms)
	FinalizeReload (361ms)
		ReleaseScriptCaches (0ms)
		RebuildScriptCaches (0ms)
		SetupLoadedEditorAssemblies (271ms)
			LogAssemblyErrors (0ms)
			InitializePlatformSupportModulesInManaged (18ms)
			SetLoadedEditorAssemblies (2ms)
			RefreshPlugins (0ms)
			BeforeProcessingInitializeOnLoad (39ms)
			ProcessInitializeOnLoadAttributes (191ms)
			ProcessInitializeOnLoadMethodAttributes (14ms)
			AfterProcessingInitializeOnLoad (7ms)
			EditorAssembliesLoaded (0ms)
		ExecutionOrderSort2 (0ms)
		AwakeInstancesAfterBackupRestoration (5ms)
Launched and connected shader compiler UnityShaderCompiler.exe after 0.04 seconds
Refreshing native plugins compatible for Editor in 3.15 ms, found 3 plugins.
Preloading 0 native plugins for Editor in 0.00 ms.
Unloading 3141 Unused Serialized files (Serialized files now loaded: 0)
Unloading 19 unused Assets / (55.2 KB). Loaded Objects now: 3613.
Memory consumption went from 130.0 MB to 130.0 MB.
Total: 2.315500 ms (FindLiveObjects: 0.144100 ms CreateObjectMapping: 0.043100 ms MarkObjects: 2.035300 ms  DeleteObjects: 0.091000 ms)

AssetImportParameters requested are different than current active one (requested -> active):
  custom:container-demuxer-ogg: 62fdf1f143b41e24485cea50d1cbac27 -> 
  custom:video-codec-MediaFoundation-h265: 746d11721c4dcdbdad8f713fa42b33f4 -> 
  custom:video-decoder-ogg-theora: a1e56fd34408186e4bbccfd4996cb3dc -> 
  custom:framework-win-MediaFoundation: 216162199b28c13a410421893ffa2e32 -> 
  custom:CustomObjectIndexerAttribute: 9a22284fe3817be447336de3de66b15e -> 
  custom:container-demuxer-webm: 4f35f7cbe854078d1ac9338744f61a02 -> 
  custom:container-muxer-webm: aa71ff27fc2769a1b78a27578f13a17b -> 
  custom:video-decoder-webm-vp8: 9c59270c3fd7afecdb556c50c9e8de78 -> 
  custom:SearchIndexIgnoredProperties: e643bd26f0fe6173181afceb89e7c659 -> 
  custom:AudioImporter_EditorPlatform: d09bf68614088b80899f8185d706f6e7 -> 
  custom:video-encoder-webm-vp8: eb34c28f22e8b96e1ab97ce403110664 -> 
  custom:audio-decoder-ogg-vorbis: bf7c407c2cedff20999df2af8eb42d56 -> 
  custom:audio-encoder-webm-vorbis: bf7c407c2cedff20999df2af8eb42d56 -> 
========================================================================
Received Import Request.
  Time since last request: 654292.310889 seconds.
  path: Assets/場景/房間/Image_1.006.png
  artifactKey: Guid(e0c2ecbc2e4ef04409f40051af54482a) Importer(815301076,1909f56bfc062723c751e8b465ee728b)
Start importing Assets/場景/房間/Image_1.006.png using Guid(e0c2ecbc2e4ef04409f40051af54482a) Importer(815301076,1909f56bfc062723c751e8b465ee728b) [PhysX] Initialized MultithreadedTaskDispatcher with 32 workers.
[PhysX] Initialized MultithreadedTaskDispatcher with 32 workers.
 -> (artifact id: '68d06768260de366df0fc7cf6a320a1d') in 0.039870 seconds
Number of updated asset objects reloaded before import = 0
Number of asset objects unloaded after import = 2
========================================================================
Received Import Request.
  Time since last request: 0.000020 seconds.
  path: Assets/場景/房間/Image_1.027.png
  artifactKey: Guid(6f229257b58d4d24088f40206c251dbe) Importer(815301076,1909f56bfc062723c751e8b465ee728b)
Start importing Assets/場景/房間/Image_1.027.png using Guid(6f229257b58d4d24088f40206c251dbe) Importer(815301076,1909f56bfc062723c751e8b465ee728b) [PhysX] Initialized MultithreadedTaskDispatcher with 32 workers.
[PhysX] Initialized MultithreadedTaskDispatcher with 32 workers.
 -> (artifact id: 'a7f64ce33350d993bcdabe364dad372b') in 0.004850 seconds
Number of updated asset objects reloaded before import = 0
Number of asset objects unloaded after import = 2
========================================================================
Received Import Request.
  Time since last request: 0.000011 seconds.
  path: Assets/場景/房間/Image_3.008.png
  artifactKey: Guid(f4d199e562f3e9b43874c1c8734835e0) Importer(815301076,1909f56bfc062723c751e8b465ee728b)
Start importing Assets/場景/房間/Image_3.008.png using Guid(f4d199e562f3e9b43874c1c8734835e0) Importer(815301076,1909f56bfc062723c751e8b465ee728b) [PhysX] Initialized MultithreadedTaskDispatcher with 32 workers.
[PhysX] Initialized MultithreadedTaskDispatcher with 32 workers.
 -> (artifact id: '8375df703ef35b66433ed8d92239d6f1') in 0.010450 seconds
Number of updated asset objects reloaded before import = 0
Number of asset objects unloaded after import = 2
========================================================================
Received Import Request.
  Time since last request: 0.000011 seconds.
  path: Assets/場景/房間/Image_39.jpg
  artifactKey: Guid(369a94d2368f24d4ba2861f933fb1a9e) Importer(815301076,1909f56bfc062723c751e8b465ee728b)
Start importing Assets/場景/房間/Image_39.jpg using Guid(369a94d2368f24d4ba2861f933fb1a9e) Importer(815301076,1909f56bfc062723c751e8b465ee728b) [PhysX] Initialized MultithreadedTaskDispatcher with 32 workers.
[PhysX] Initialized MultithreadedTaskDispatcher with 32 workers.
 -> (artifact id: '5520b93a6bfae7157f38276e7a0c08de') in 0.004342 seconds
Number of updated asset objects reloaded before import = 0
Number of asset objects unloaded after import = 2
========================================================================
Received Import Request.
  Time since last request: 0.000014 seconds.
  path: Assets/場景/房間/Image_1.019.png
  artifactKey: Guid(c81dd1bfb22ffc24f8f7013967a8f487) Importer(815301076,1909f56bfc062723c751e8b465ee728b)
Start importing Assets/場景/房間/Image_1.019.png using Guid(c81dd1bfb22ffc24f8f7013967a8f487) Importer(815301076,1909f56bfc062723c751e8b465ee728b) [PhysX] Initialized MultithreadedTaskDispatcher with 32 workers.
[PhysX] Initialized MultithreadedTaskDispatcher with 32 workers.
 -> (artifact id: '680d944a71fc7293889cc7ef0ded789f') in 0.005534 seconds
Number of updated asset objects reloaded before import = 0
Number of asset objects unloaded after import = 2
========================================================================
Received Import Request.
  Time since last request: 0.000033 seconds.
  path: Assets/場景/房間/Image_20.002.png
  artifactKey: Guid(b173053630af67c40a448feedf3da712) Importer(815301076,1909f56bfc062723c751e8b465ee728b)
Start importing Assets/場景/房間/Image_20.002.png using Guid(b173053630af67c40a448feedf3da712) Importer(815301076,1909f56bfc062723c751e8b465ee728b) [PhysX] Initialized MultithreadedTaskDispatcher with 32 workers.
[PhysX] Initialized MultithreadedTaskDispatcher with 32 workers.
 -> (artifact id: '47de57ccee976b5857563e528e259337') in 0.004696 seconds
Number of updated asset objects reloaded before import = 0
Number of asset objects unloaded after import = 2
========================================================================
Received Import Request.
  Time since last request: 0.000011 seconds.
  path: Assets/場景/房間/Image_0.009.png
  artifactKey: Guid(cc43d8d5bdedc9c459b958d0919df82f) Importer(815301076,1909f56bfc062723c751e8b465ee728b)
Start importing Assets/場景/房間/Image_0.009.png using Guid(cc43d8d5bdedc9c459b958d0919df82f) Importer(815301076,1909f56bfc062723c751e8b465ee728b) [PhysX] Initialized MultithreadedTaskDispatcher with 32 workers.
[PhysX] Initialized MultithreadedTaskDispatcher with 32 workers.
 -> (artifact id: '6fcce152936dca89ff8d992be58310de') in 0.004327 seconds
Number of updated asset objects reloaded before import = 0
Number of asset objects unloaded after import = 2
========================================================================
Received Import Request.
  Time since last request: 0.000013 seconds.
  path: Assets/場景/房間/Image_18.png
  artifactKey: Guid(6d8309ffc818ebe41b4680bce0ca5968) Importer(815301076,1909f56bfc062723c751e8b465ee728b)
Start importing Assets/場景/房間/Image_18.png using Guid(6d8309ffc818ebe41b4680bce0ca5968) Importer(815301076,1909f56bfc062723c751e8b465ee728b) [PhysX] Initialized MultithreadedTaskDispatcher with 32 workers.
[PhysX] Initialized MultithreadedTaskDispatcher with 32 workers.
 -> (artifact id: '4a8f44ad417459699e37c7ec1a1a430d') in 0.005188 seconds
Number of updated asset objects reloaded before import = 0
Number of asset objects unloaded after import = 2
========================================================================
Received Import Request.
  Time since last request: 0.000011 seconds.
  path: Assets/場景/房間/Image_3.006.png
  artifactKey: Guid(8dab536771d4b0e40b66a05da00bd8ac) Importer(815301076,1909f56bfc062723c751e8b465ee728b)
Start importing Assets/場景/房間/Image_3.006.png using Guid(8dab536771d4b0e40b66a05da00bd8ac) Importer(815301076,1909f56bfc062723c751e8b465ee728b) [PhysX] Initialized MultithreadedTaskDispatcher with 32 workers.
[PhysX] Initialized MultithreadedTaskDispatcher with 32 workers.
 -> (artifact id: '61fba052246925e22f1755435bff648f') in 0.004885 seconds
Number of updated asset objects reloaded before import = 0
Number of asset objects unloaded after import = 2
========================================================================
Received Import Request.
  Time since last request: 0.000010 seconds.
  path: Assets/場景/房間/Image_11.003.png
  artifactKey: Guid(1ab50c28a1be89f4a9c8abbbd9e1025f) Importer(815301076,1909f56bfc062723c751e8b465ee728b)
Start importing Assets/場景/房間/Image_11.003.png using Guid(1ab50c28a1be89f4a9c8abbbd9e1025f) Importer(815301076,1909f56bfc062723c751e8b465ee728b) [PhysX] Initialized MultithreadedTaskDispatcher with 32 workers.
[PhysX] Initialized MultithreadedTaskDispatcher with 32 workers.
 -> (artifact id: '2258baabc48e8dc353cb1c4eb4a03352') in 0.005523 seconds
Number of updated asset objects reloaded before import = 0
Number of asset objects unloaded after import = 2
========================================================================
Received Import Request.
  Time since last request: 0.000015 seconds.
  path: Assets/場景/房間/Image_16.003.png
  artifactKey: Guid(50cd316e8dc8fef4da6ffceadb528893) Importer(815301076,1909f56bfc062723c751e8b465ee728b)
Start importing Assets/場景/房間/Image_16.003.png using Guid(50cd316e8dc8fef4da6ffceadb528893) Importer(815301076,1909f56bfc062723c751e8b465ee728b) [PhysX] Initialized MultithreadedTaskDispatcher with 32 workers.
[PhysX] Initialized MultithreadedTaskDispatcher with 32 workers.
 -> (artifact id: 'ee9143e47dbf0e6b24ddef9d6b1500b3') in 0.005274 seconds
Number of updated asset objects reloaded before import = 0
Number of asset objects unloaded after import = 2
========================================================================
Received Import Request.
  Time since last request: 0.000013 seconds.
  path: Assets/場景/房間/Image_27.png
  artifactKey: Guid(c667effa0d27bcc42aab6e4dae15b725) Importer(815301076,1909f56bfc062723c751e8b465ee728b)
Start importing Assets/場景/房間/Image_27.png using Guid(c667effa0d27bcc42aab6e4dae15b725) Importer(815301076,1909f56bfc062723c751e8b465ee728b) [PhysX] Initialized MultithreadedTaskDispatcher with 32 workers.
[PhysX] Initialized MultithreadedTaskDispatcher with 32 workers.
 -> (artifact id: 'b490def344e7a89e84c4491421485895') in 0.004806 seconds
Number of updated asset objects reloaded before import = 0
Number of asset objects unloaded after import = 2
========================================================================
Received Import Request.
  Time since last request: 0.000010 seconds.
  path: Assets/場景/房間/buer230315A064.jpg
  artifactKey: Guid(f9c9f075a2c9410448eec4ab79ef0558) Importer(815301076,1909f56bfc062723c751e8b465ee728b)
Start importing Assets/場景/房間/buer230315A064.jpg using Guid(f9c9f075a2c9410448eec4ab79ef0558) Importer(815301076,1909f56bfc062723c751e8b465ee728b) [PhysX] Initialized MultithreadedTaskDispatcher with 32 workers.
[PhysX] Initialized MultithreadedTaskDispatcher with 32 workers.
 -> (artifact id: '40c065a4188cbd4cee11a8a0bf671932') in 0.005811 seconds
Number of updated asset objects reloaded before import = 0
Number of asset objects unloaded after import = 2
========================================================================
Received Import Request.
  Time since last request: 0.000011 seconds.
  path: Assets/場景/房間/Image_0.021.png
  artifactKey: Guid(0ea0dfcf11f4ded4683d9d86049e5de0) Importer(815301076,1909f56bfc062723c751e8b465ee728b)
Start importing Assets/場景/房間/Image_0.021.png using Guid(0ea0dfcf11f4ded4683d9d86049e5de0) Importer(815301076,1909f56bfc062723c751e8b465ee728b) [PhysX] Initialized MultithreadedTaskDispatcher with 32 workers.
[PhysX] Initialized MultithreadedTaskDispatcher with 32 workers.
 -> (artifact id: 'cc85180a1143c03fe93322fbe4e20d82') in 0.006224 seconds
Number of updated asset objects reloaded before import = 0
Number of asset objects unloaded after import = 2
========================================================================
Received Import Request.
  Time since last request: 0.000014 seconds.
  path: Assets/場景/房間/Image_23.png
  artifactKey: Guid(e4eee04b7ad86db4dbf77b2aa4c47b58) Importer(815301076,1909f56bfc062723c751e8b465ee728b)
Start importing Assets/場景/房間/Image_23.png using Guid(e4eee04b7ad86db4dbf77b2aa4c47b58) Importer(815301076,1909f56bfc062723c751e8b465ee728b) [PhysX] Initialized MultithreadedTaskDispatcher with 32 workers.
[PhysX] Initialized MultithreadedTaskDispatcher with 32 workers.
 -> (artifact id: 'af3d224bb95f1a89cd7e7a812130f9d8') in 0.005241 seconds
Number of updated asset objects reloaded before import = 0
Number of asset objects unloaded after import = 2
========================================================================
Received Import Request.
  Time since last request: 0.000011 seconds.
  path: Assets/場景/房間/Image_2.007.png
  artifactKey: Guid(97796db89eb09c54ba96b60f56bd1dd7) Importer(815301076,1909f56bfc062723c751e8b465ee728b)
Start importing Assets/場景/房間/Image_2.007.png using Guid(97796db89eb09c54ba96b60f56bd1dd7) Importer(815301076,1909f56bfc062723c751e8b465ee728b) [PhysX] Initialized MultithreadedTaskDispatcher with 32 workers.
[PhysX] Initialized MultithreadedTaskDispatcher with 32 workers.
 -> (artifact id: '2f1e2210467644c3418952036c43758d') in 0.004914 seconds
Number of updated asset objects reloaded before import = 0
Number of asset objects unloaded after import = 2
========================================================================
Received Import Request.
  Time since last request: 0.000011 seconds.
  path: Assets/場景/房間/Image_6.png
  artifactKey: Guid(f7d88375dbfd1bc4a95f632ded7c6ca4) Importer(815301076,1909f56bfc062723c751e8b465ee728b)
Start importing Assets/場景/房間/Image_6.png using Guid(f7d88375dbfd1bc4a95f632ded7c6ca4) Importer(815301076,1909f56bfc062723c751e8b465ee728b) [PhysX] Initialized MultithreadedTaskDispatcher with 32 workers.
[PhysX] Initialized MultithreadedTaskDispatcher with 32 workers.
 -> (artifact id: 'e5a32909d3fc1195404c2b3791583a57') in 0.006771 seconds
Number of updated asset objects reloaded before import = 0
Number of asset objects unloaded after import = 2
========================================================================
Received Import Request.
  Time since last request: 0.000012 seconds.
  path: Assets/場景/房間/Image_4.006.png
  artifactKey: Guid(551ea247f3f1aa84a85a3019fda21f38) Importer(815301076,1909f56bfc062723c751e8b465ee728b)
Start importing Assets/場景/房間/Image_4.006.png using Guid(551ea247f3f1aa84a85a3019fda21f38) Importer(815301076,1909f56bfc062723c751e8b465ee728b) [PhysX] Initialized MultithreadedTaskDispatcher with 32 workers.
[PhysX] Initialized MultithreadedTaskDispatcher with 32 workers.
 -> (artifact id: '6593075edea0e4934bff80c3600d4358') in 0.003286 seconds
Number of updated asset objects reloaded before import = 0
Number of asset objects unloaded after import = 2
========================================================================
Received Import Request.
  Time since last request: 0.000047 seconds.
  path: Assets/場景/房間/Image_8.004.jpg
  artifactKey: Guid(f6aa94a39f0b1a74e96ffa55ccec727f) Importer(815301076,1909f56bfc062723c751e8b465ee728b)
Start importing Assets/場景/房間/Image_8.004.jpg using Guid(f6aa94a39f0b1a74e96ffa55ccec727f) Importer(815301076,1909f56bfc062723c751e8b465ee728b) [PhysX] Initialized MultithreadedTaskDispatcher with 32 workers.
[PhysX] Initialized MultithreadedTaskDispatcher with 32 workers.
 -> (artifact id: '4d53c0cd688a9f4cc1d377cf19d74fff') in 0.004242 seconds
Number of updated asset objects reloaded before import = 0
Number of asset objects unloaded after import = 2
========================================================================
Received Import Request.
  Time since last request: 0.000011 seconds.
  path: Assets/場景/房間/Image_10.001.jpg
  artifactKey: Guid(77afbe4043f8cfc4f97ddd1128e71763) Importer(815301076,1909f56bfc062723c751e8b465ee728b)
Start importing Assets/場景/房間/Image_10.001.jpg using Guid(77afbe4043f8cfc4f97ddd1128e71763) Importer(815301076,1909f56bfc062723c751e8b465ee728b) [PhysX] Initialized MultithreadedTaskDispatcher with 32 workers.
[PhysX] Initialized MultithreadedTaskDispatcher with 32 workers.
 -> (artifact id: 'b6258f09c331398633d16e5ea7c1d91f') in 0.005789 seconds
Number of updated asset objects reloaded before import = 0
Number of asset objects unloaded after import = 2
========================================================================
Received Import Request.
  Time since last request: 0.000013 seconds.
  path: Assets/場景/房間/Image_2.024.jpg
  artifactKey: Guid(bf7f9665cc8a98543be07aadbc92e651) Importer(815301076,1909f56bfc062723c751e8b465ee728b)
Start importing Assets/場景/房間/Image_2.024.jpg using Guid(bf7f9665cc8a98543be07aadbc92e651) Importer(815301076,1909f56bfc062723c751e8b465ee728b) [PhysX] Initialized MultithreadedTaskDispatcher with 32 workers.
[PhysX] Initialized MultithreadedTaskDispatcher with 32 workers.
 -> (artifact id: '54b80bbd29f4a257aed66a0c1db0d205') in 0.004156 seconds
Number of updated asset objects reloaded before import = 0
Number of asset objects unloaded after import = 2
========================================================================
Received Import Request.
  Time since last request: 0.000011 seconds.
  path: Assets/場景/房間/buer230315A015.jpg
  artifactKey: Guid(49e16e26caff5bb4c9a584ae7b8022a1) Importer(815301076,1909f56bfc062723c751e8b465ee728b)
Start importing Assets/場景/房間/buer230315A015.jpg using Guid(49e16e26caff5bb4c9a584ae7b8022a1) Importer(815301076,1909f56bfc062723c751e8b465ee728b) [PhysX] Initialized MultithreadedTaskDispatcher with 32 workers.
[PhysX] Initialized MultithreadedTaskDispatcher with 32 workers.
 -> (artifact id: '05953f7d2a226c95d54499e173884b60') in 0.004618 seconds
Number of updated asset objects reloaded before import = 0
Number of asset objects unloaded after import = 2
========================================================================
Received Import Request.
  Time since last request: 0.000012 seconds.
  path: Assets/場景/房間/Image_14.png
  artifactKey: Guid(7412820ab6cf2d1418b0e241863947a4) Importer(815301076,1909f56bfc062723c751e8b465ee728b)
Start importing Assets/場景/房間/Image_14.png using Guid(7412820ab6cf2d1418b0e241863947a4) Importer(815301076,1909f56bfc062723c751e8b465ee728b) [PhysX] Initialized MultithreadedTaskDispatcher with 32 workers.
[PhysX] Initialized MultithreadedTaskDispatcher with 32 workers.
 -> (artifact id: 'c95a34ba7fadcf66016c6bd2f6a00a70') in 0.005719 seconds
Number of updated asset objects reloaded before import = 0
Number of asset objects unloaded after import = 2
========================================================================
Received Import Request.
  Time since last request: 0.000014 seconds.
  path: Assets/場景/房間/Image_1.008.png
  artifactKey: Guid(a9eac36da96247a41b7ef2122dbaf2a5) Importer(815301076,1909f56bfc062723c751e8b465ee728b)
Start importing Assets/場景/房間/Image_1.008.png using Guid(a9eac36da96247a41b7ef2122dbaf2a5) Importer(815301076,1909f56bfc062723c751e8b465ee728b) [PhysX] Initialized MultithreadedTaskDispatcher with 32 workers.
[PhysX] Initialized MultithreadedTaskDispatcher with 32 workers.
 -> (artifact id: '454f073f4ec0790403a55068977d745e') in 0.005530 seconds
Number of updated asset objects reloaded before import = 0
Number of asset objects unloaded after import = 2
========================================================================
Received Import Request.
  Time since last request: 0.000011 seconds.
  path: Assets/場景/房間/Image_7.002.png
  artifactKey: Guid(12dbf670302eaa54d8bd24d5f2e62315) Importer(815301076,1909f56bfc062723c751e8b465ee728b)
Start importing Assets/場景/房間/Image_7.002.png using Guid(12dbf670302eaa54d8bd24d5f2e62315) Importer(815301076,1909f56bfc062723c751e8b465ee728b) [PhysX] Initialized MultithreadedTaskDispatcher with 32 workers.
[PhysX] Initialized MultithreadedTaskDispatcher with 32 workers.
 -> (artifact id: 'cfa2c60762142f759b1ab259856c699b') in 0.005777 seconds
Number of updated asset objects reloaded before import = 0
Number of asset objects unloaded after import = 2
========================================================================
Received Import Request.
  Time since last request: 0.000014 seconds.
  path: Assets/場景/房間/Image_2.008.png
  artifactKey: Guid(2b01e7bb0df6311499711b5bfbd9a7cc) Importer(815301076,1909f56bfc062723c751e8b465ee728b)
Start importing Assets/場景/房間/Image_2.008.png using Guid(2b01e7bb0df6311499711b5bfbd9a7cc) Importer(815301076,1909f56bfc062723c751e8b465ee728b) [PhysX] Initialized MultithreadedTaskDispatcher with 32 workers.
[PhysX] Initialized MultithreadedTaskDispatcher with 32 workers.
 -> (artifact id: '3fe8fff43492fdc55cb5490acc77c089') in 0.005666 seconds
Number of updated asset objects reloaded before import = 0
Number of asset objects unloaded after import = 2
========================================================================
Received Import Request.
  Time since last request: 0.000011 seconds.
  path: Assets/場景/房間/Image_7.010.jpg
  artifactKey: Guid(a8424a795aa011147a738baa6e530253) Importer(815301076,1909f56bfc062723c751e8b465ee728b)
Start importing Assets/場景/房間/Image_7.010.jpg using Guid(a8424a795aa011147a738baa6e530253) Importer(815301076,1909f56bfc062723c751e8b465ee728b) [PhysX] Initialized MultithreadedTaskDispatcher with 32 workers.
[PhysX] Initialized MultithreadedTaskDispatcher with 32 workers.
 -> (artifact id: 'dfc966c3d0e83170b45100a369b16f7f') in 0.004505 seconds
Number of updated asset objects reloaded before import = 0
Number of asset objects unloaded after import = 2
========================================================================
Received Import Request.
  Time since last request: 0.000010 seconds.
  path: Assets/場景/房間/Image_34.jpg
  artifactKey: Guid(a9618dad25f570e45be4caa19b771dc9) Importer(815301076,1909f56bfc062723c751e8b465ee728b)
Start importing Assets/場景/房間/Image_34.jpg using Guid(a9618dad25f570e45be4caa19b771dc9) Importer(815301076,1909f56bfc062723c751e8b465ee728b) [PhysX] Initialized MultithreadedTaskDispatcher with 32 workers.
[PhysX] Initialized MultithreadedTaskDispatcher with 32 workers.
 -> (artifact id: '24bbca02901a43d32646763357c6a082') in 0.005122 seconds
Number of updated asset objects reloaded before import = 0
Number of asset objects unloaded after import = 2
========================================================================
Received Import Request.
  Time since last request: 0.000013 seconds.
  path: Assets/場景/房間/Image_17.001.jpg
  artifactKey: Guid(9dc8f434c20331a40b5aff9fbc23a8ff) Importer(815301076,1909f56bfc062723c751e8b465ee728b)
Start importing Assets/場景/房間/Image_17.001.jpg using Guid(9dc8f434c20331a40b5aff9fbc23a8ff) Importer(815301076,1909f56bfc062723c751e8b465ee728b) [PhysX] Initialized MultithreadedTaskDispatcher with 32 workers.
[PhysX] Initialized MultithreadedTaskDispatcher with 32 workers.
 -> (artifact id: '891f5daa3dc49d8edb9b5726048dd688') in 0.004406 seconds
Number of updated asset objects reloaded before import = 0
Number of asset objects unloaded after import = 2
========================================================================
Received Import Request.
  Time since last request: 0.000011 seconds.
  path: Assets/場景/房間/Image_32.001.jpg
  artifactKey: Guid(6e157f0aa054b644b9e171b6dc630376) Importer(815301076,1909f56bfc062723c751e8b465ee728b)
Start importing Assets/場景/房間/Image_32.001.jpg using Guid(6e157f0aa054b644b9e171b6dc630376) Importer(815301076,1909f56bfc062723c751e8b465ee728b) [PhysX] Initialized MultithreadedTaskDispatcher with 32 workers.
[PhysX] Initialized MultithreadedTaskDispatcher with 32 workers.
 -> (artifact id: 'e7e5d2431a7e44b18ff3846f802d08b9') in 0.003691 seconds
Number of updated asset objects reloaded before import = 0
Number of asset objects unloaded after import = 2
========================================================================
Received Import Request.
  Time since last request: 0.000014 seconds.
  path: Assets/場景/房間/Image_0.031.png
  artifactKey: Guid(5b0fba75bbcdc034e8a02ba6eb1dfc9a) Importer(815301076,1909f56bfc062723c751e8b465ee728b)
Start importing Assets/場景/房間/Image_0.031.png using Guid(5b0fba75bbcdc034e8a02ba6eb1dfc9a) Importer(815301076,1909f56bfc062723c751e8b465ee728b) [PhysX] Initialized MultithreadedTaskDispatcher with 32 workers.
[PhysX] Initialized MultithreadedTaskDispatcher with 32 workers.
 -> (artifact id: '3963ab2d2e686bc285eb034e3ffba8b0') in 0.003821 seconds
Number of updated asset objects reloaded before import = 0
Number of asset objects unloaded after import = 2
========================================================================
Received Import Request.
  Time since last request: 0.000068 seconds.
  path: Assets/場景/房間/Image_5.004.png
  artifactKey: Guid(ab278e1b890a4dc4b9920317f831d810) Importer(815301076,1909f56bfc062723c751e8b465ee728b)
Start importing Assets/場景/房間/Image_5.004.png using Guid(ab278e1b890a4dc4b9920317f831d810) Importer(815301076,1909f56bfc062723c751e8b465ee728b) [PhysX] Initialized MultithreadedTaskDispatcher with 32 workers.
[PhysX] Initialized MultithreadedTaskDispatcher with 32 workers.
 -> (artifact id: '5fb3f73e6f87b1a40684b65ff5122e50') in 0.003393 seconds
Number of updated asset objects reloaded before import = 0
Number of asset objects unloaded after import = 2
========================================================================
Received Import Request.
  Time since last request: 0.000010 seconds.
  path: Assets/場景/房間/Image_7.003.png
  artifactKey: Guid(4b86ae103a5e85b4c81308f755488c02) Importer(815301076,1909f56bfc062723c751e8b465ee728b)
Start importing Assets/場景/房間/Image_7.003.png using Guid(4b86ae103a5e85b4c81308f755488c02) Importer(815301076,1909f56bfc062723c751e8b465ee728b) [PhysX] Initialized MultithreadedTaskDispatcher with 32 workers.
[PhysX] Initialized MultithreadedTaskDispatcher with 32 workers.
 -> (artifact id: 'fc54220f03c9262fdd26eb5f69fd7467') in 0.004785 seconds
Number of updated asset objects reloaded before import = 0
Number of asset objects unloaded after import = 2
========================================================================
Received Import Request.
  Time since last request: 0.000010 seconds.
  path: Assets/場景/房間/Image_6.010.jpg
  artifactKey: Guid(566de41f094d0d543ae9909015ddfd23) Importer(815301076,1909f56bfc062723c751e8b465ee728b)
Start importing Assets/場景/房間/Image_6.010.jpg using Guid(566de41f094d0d543ae9909015ddfd23) Importer(815301076,1909f56bfc062723c751e8b465ee728b) [PhysX] Initialized MultithreadedTaskDispatcher with 32 workers.
[PhysX] Initialized MultithreadedTaskDispatcher with 32 workers.
 -> (artifact id: 'ae6fd76a252ba4da04a8369eb37fe39f') in 0.003853 seconds
Number of updated asset objects reloaded before import = 0
Number of asset objects unloaded after import = 2
========================================================================
Received Import Request.
  Time since last request: 0.000012 seconds.
  path: Assets/場景/房間/Image_0.004.jpg
  artifactKey: Guid(4c94ecb5f3fd9ce4b84d3fedb75a01b4) Importer(815301076,1909f56bfc062723c751e8b465ee728b)
Start importing Assets/場景/房間/Image_0.004.jpg using Guid(4c94ecb5f3fd9ce4b84d3fedb75a01b4) Importer(815301076,1909f56bfc062723c751e8b465ee728b) [PhysX] Initialized MultithreadedTaskDispatcher with 32 workers.
[PhysX] Initialized MultithreadedTaskDispatcher with 32 workers.
 -> (artifact id: '38cfc36cad0d928a32605f48048fa861') in 0.005084 seconds
Number of updated asset objects reloaded before import = 0
Number of asset objects unloaded after import = 2
========================================================================
Received Import Request.
  Time since last request: 0.000009 seconds.
  path: Assets/場景/房間/Image_0.006.png
  artifactKey: Guid(2aa49e08ce0ac0f42aa42b565c1820db) Importer(815301076,1909f56bfc062723c751e8b465ee728b)
Start importing Assets/場景/房間/Image_0.006.png using Guid(2aa49e08ce0ac0f42aa42b565c1820db) Importer(815301076,1909f56bfc062723c751e8b465ee728b) [PhysX] Initialized MultithreadedTaskDispatcher with 32 workers.
[PhysX] Initialized MultithreadedTaskDispatcher with 32 workers.
 -> (artifact id: 'de26035a08ed7487a8eab8d2aa4574a7') in 0.005556 seconds
Number of updated asset objects reloaded before import = 0
Number of asset objects unloaded after import = 2
========================================================================
Received Import Request.
  Time since last request: 0.000009 seconds.
  path: Assets/場景/房間/buer230315A011.jpg
  artifactKey: Guid(fda8d3d32e48a29479faa6fdff1df4b3) Importer(815301076,1909f56bfc062723c751e8b465ee728b)
Start importing Assets/場景/房間/buer230315A011.jpg using Guid(fda8d3d32e48a29479faa6fdff1df4b3) Importer(815301076,1909f56bfc062723c751e8b465ee728b) [PhysX] Initialized MultithreadedTaskDispatcher with 32 workers.
[PhysX] Initialized MultithreadedTaskDispatcher with 32 workers.
 -> (artifact id: '24fb5d9fb767e2484f8e6ee94ca75525') in 0.003622 seconds
Number of updated asset objects reloaded before import = 0
Number of asset objects unloaded after import = 2
========================================================================
Received Import Request.
  Time since last request: 0.000010 seconds.
  path: Assets/場景/房間/Image_16.001.png
  artifactKey: Guid(b2f2ed0cc0526e34eaeea392cf581ef3) Importer(815301076,1909f56bfc062723c751e8b465ee728b)
Start importing Assets/場景/房間/Image_16.001.png using Guid(b2f2ed0cc0526e34eaeea392cf581ef3) Importer(815301076,1909f56bfc062723c751e8b465ee728b) [PhysX] Initialized MultithreadedTaskDispatcher with 32 workers.
[PhysX] Initialized MultithreadedTaskDispatcher with 32 workers.
 -> (artifact id: '539b7d0bfa5d4cc3cc2e779ed015450f') in 0.004289 seconds
Number of updated asset objects reloaded before import = 0
Number of asset objects unloaded after import = 2
========================================================================
Received Import Request.
  Time since last request: 0.000015 seconds.
  path: Assets/場景/房間/Image_1.010.png
  artifactKey: Guid(6fa6dcf40c4cd6148a96055007155660) Importer(815301076,1909f56bfc062723c751e8b465ee728b)
Start importing Assets/場景/房間/Image_1.010.png using Guid(6fa6dcf40c4cd6148a96055007155660) Importer(815301076,1909f56bfc062723c751e8b465ee728b) [PhysX] Initialized MultithreadedTaskDispatcher with 32 workers.
[PhysX] Initialized MultithreadedTaskDispatcher with 32 workers.
 -> (artifact id: '62225773dc7bf56a3299db5115aa62b9') in 0.006110 seconds
Number of updated asset objects reloaded before import = 0
Number of asset objects unloaded after import = 2
========================================================================
Received Import Request.
  Time since last request: 0.000012 seconds.
  path: Assets/場景/房間/Image_9.002.jpg
  artifactKey: Guid(7b604ba7c95851d4698d897687739cf0) Importer(815301076,1909f56bfc062723c751e8b465ee728b)
Start importing Assets/場景/房間/Image_9.002.jpg using Guid(7b604ba7c95851d4698d897687739cf0) Importer(815301076,1909f56bfc062723c751e8b465ee728b) [PhysX] Initialized MultithreadedTaskDispatcher with 32 workers.
[PhysX] Initialized MultithreadedTaskDispatcher with 32 workers.
 -> (artifact id: 'd2cd9eec1e20434162e39773f9397a16') in 0.004466 seconds
Number of updated asset objects reloaded before import = 0
Number of asset objects unloaded after import = 2
========================================================================
Received Import Request.
  Time since last request: 0.000018 seconds.
  path: Assets/場景/房間/Image_0.002.jpg
  artifactKey: Guid(45c768c170bfe434c8d5ccd7b38c153d) Importer(815301076,1909f56bfc062723c751e8b465ee728b)
Start importing Assets/場景/房間/Image_0.002.jpg using Guid(45c768c170bfe434c8d5ccd7b38c153d) Importer(815301076,1909f56bfc062723c751e8b465ee728b) [PhysX] Initialized MultithreadedTaskDispatcher with 32 workers.
[PhysX] Initialized MultithreadedTaskDispatcher with 32 workers.
 -> (artifact id: '8230760672f776598af041235f12b752') in 0.003671 seconds
Number of updated asset objects reloaded before import = 0
Number of asset objects unloaded after import = 2
========================================================================
Received Import Request.
  Time since last request: 0.000024 seconds.
  path: Assets/場景/房間/old_chair_bcolor.001.png
  artifactKey: Guid(5fbcd367e1fe4c44bbed6114b314841a) Importer(815301076,1909f56bfc062723c751e8b465ee728b)
Start importing Assets/場景/房間/old_chair_bcolor.001.png using Guid(5fbcd367e1fe4c44bbed6114b314841a) Importer(815301076,1909f56bfc062723c751e8b465ee728b) [PhysX] Initialized MultithreadedTaskDispatcher with 32 workers.
[PhysX] Initialized MultithreadedTaskDispatcher with 32 workers.
 -> (artifact id: '49ac6961c3462d587cfb20d0fb45e1a3') in 0.005467 seconds
Number of updated asset objects reloaded before import = 0
Number of asset objects unloaded after import = 2
========================================================================
Received Import Request.
  Time since last request: 0.000013 seconds.
  path: Assets/場景/房間/Image_31.jpg
  artifactKey: Guid(ef5480e11db3ca948a613ccf440989f1) Importer(815301076,1909f56bfc062723c751e8b465ee728b)
Start importing Assets/場景/房間/Image_31.jpg using Guid(ef5480e11db3ca948a613ccf440989f1) Importer(815301076,1909f56bfc062723c751e8b465ee728b) [PhysX] Initialized MultithreadedTaskDispatcher with 32 workers.
[PhysX] Initialized MultithreadedTaskDispatcher with 32 workers.
 -> (artifact id: '8383854a4802e32573ba58ef338b7662') in 0.004967 seconds
Number of updated asset objects reloaded before import = 0
Number of asset objects unloaded after import = 2
========================================================================
Received Import Request.
  Time since last request: 0.000013 seconds.
  path: Assets/場景/房間/Image_15.001.jpg
  artifactKey: Guid(069a281dbab932346af56ba09cb94071) Importer(815301076,1909f56bfc062723c751e8b465ee728b)
Start importing Assets/場景/房間/Image_15.001.jpg using Guid(069a281dbab932346af56ba09cb94071) Importer(815301076,1909f56bfc062723c751e8b465ee728b) [PhysX] Initialized MultithreadedTaskDispatcher with 32 workers.
[PhysX] Initialized MultithreadedTaskDispatcher with 32 workers.
 -> (artifact id: 'e8b0768aef5cae0f2a8f4e37f71031d3') in 0.004116 seconds
Number of updated asset objects reloaded before import = 0
Number of asset objects unloaded after import = 2
========================================================================
Received Import Request.
  Time since last request: 0.000010 seconds.
  path: Assets/場景/房間/Image_22.png
  artifactKey: Guid(c3357e7b521efec4199448fa7b755cd1) Importer(815301076,1909f56bfc062723c751e8b465ee728b)
Start importing Assets/場景/房間/Image_22.png using Guid(c3357e7b521efec4199448fa7b755cd1) Importer(815301076,1909f56bfc062723c751e8b465ee728b) [PhysX] Initialized MultithreadedTaskDispatcher with 32 workers.
[PhysX] Initialized MultithreadedTaskDispatcher with 32 workers.
 -> (artifact id: '8b5d3d3909370eaa4adf9e9717a22d45') in 0.005033 seconds
Number of updated asset objects reloaded before import = 0
Number of asset objects unloaded after import = 2
========================================================================
Received Import Request.
  Time since last request: 0.000012 seconds.
  path: Assets/場景/房間/Image_21.002.png
  artifactKey: Guid(2649f02918c8e794a828abec644bed7f) Importer(815301076,1909f56bfc062723c751e8b465ee728b)
Start importing Assets/場景/房間/Image_21.002.png using Guid(2649f02918c8e794a828abec644bed7f) Importer(815301076,1909f56bfc062723c751e8b465ee728b) [PhysX] Initialized MultithreadedTaskDispatcher with 32 workers.
[PhysX] Initialized MultithreadedTaskDispatcher with 32 workers.
 -> (artifact id: '079db123f86fe5cb6839e235144fbae9') in 0.004611 seconds
Number of updated asset objects reloaded before import = 0
Number of asset objects unloaded after import = 2
========================================================================
Received Import Request.
  Time since last request: 0.000010 seconds.
  path: Assets/場景/房間/Image_23.001.jpg
  artifactKey: Guid(31bf7c1aefecc9d4a9d4283f7330873d) Importer(815301076,1909f56bfc062723c751e8b465ee728b)
Start importing Assets/場景/房間/Image_23.001.jpg using Guid(31bf7c1aefecc9d4a9d4283f7330873d) Importer(815301076,1909f56bfc062723c751e8b465ee728b) [PhysX] Initialized MultithreadedTaskDispatcher with 32 workers.
[PhysX] Initialized MultithreadedTaskDispatcher with 32 workers.
 -> (artifact id: '2a3269d63818170ce79f5e12e3e0892b') in 0.004304 seconds
Number of updated asset objects reloaded before import = 0
Number of asset objects unloaded after import = 2
========================================================================
Received Import Request.
  Time since last request: 0.000057 seconds.
  path: Assets/場景/房間/Image_2.004.png
  artifactKey: Guid(b3e21f2ac9ae7fc40a09cb7167ddc419) Importer(815301076,1909f56bfc062723c751e8b465ee728b)
Start importing Assets/場景/房間/Image_2.004.png using Guid(b3e21f2ac9ae7fc40a09cb7167ddc419) Importer(815301076,1909f56bfc062723c751e8b465ee728b) [PhysX] Initialized MultithreadedTaskDispatcher with 32 workers.
[PhysX] Initialized MultithreadedTaskDispatcher with 32 workers.
 -> (artifact id: 'abbd9e8ea93731fceb273fb1facabd17') in 0.005928 seconds
Number of updated asset objects reloaded before import = 0
Number of asset objects unloaded after import = 2
========================================================================
Received Import Request.
  Time since last request: 0.000016 seconds.
  path: Assets/場景/房間/Image_0.011.jpg
  artifactKey: Guid(fa76554c1f0edae45a63bd15bba8a0c8) Importer(815301076,1909f56bfc062723c751e8b465ee728b)
Start importing Assets/場景/房間/Image_0.011.jpg using Guid(fa76554c1f0edae45a63bd15bba8a0c8) Importer(815301076,1909f56bfc062723c751e8b465ee728b) [PhysX] Initialized MultithreadedTaskDispatcher with 32 workers.
[PhysX] Initialized MultithreadedTaskDispatcher with 32 workers.
 -> (artifact id: '1546e6fdcf86b7d11a7569fa1cbec718') in 0.004056 seconds
Number of updated asset objects reloaded before import = 0
Number of asset objects unloaded after import = 2
========================================================================
Received Import Request.
  Time since last request: 0.000011 seconds.
  path: Assets/場景/房間
  artifactKey: Guid(aecc7ecd223d4fe47b424ace82cd1f5d) Importer(815301076,1909f56bfc062723c751e8b465ee728b)
Start importing Assets/場景/房間 using Guid(aecc7ecd223d4fe47b424ace82cd1f5d) Importer(815301076,1909f56bfc062723c751e8b465ee728b) [PhysX] Initialized MultithreadedTaskDispatcher with 32 workers.
 -> (artifact id: 'fe28cf803ebd26d9cb6edbbd6dca7585') in 0.000370 seconds
Number of updated asset objects reloaded before import = 0
Number of asset objects unloaded after import = 0
========================================================================
Received Import Request.
  Time since last request: 0.000029 seconds.
  path: Assets/場景/房間/Image_1.021.jpg
  artifactKey: Guid(433671d53abdc0d429956181e9b44021) Importer(815301076,1909f56bfc062723c751e8b465ee728b)
Start importing Assets/場景/房間/Image_1.021.jpg using Guid(433671d53abdc0d429956181e9b44021) Importer(815301076,1909f56bfc062723c751e8b465ee728b) [PhysX] Initialized MultithreadedTaskDispatcher with 32 workers.
[PhysX] Initialized MultithreadedTaskDispatcher with 32 workers.
 -> (artifact id: '38cadec542ed1663347f9ab6665c2284') in 0.005770 seconds
Number of updated asset objects reloaded before import = 0
Number of asset objects unloaded after import = 2
========================================================================
Received Import Request.
  Time since last request: 0.000011 seconds.
  path: Assets/場景/房間/Image_4.004.png
  artifactKey: Guid(6d93f9e6830f7a14aadc91f436e8385e) Importer(815301076,1909f56bfc062723c751e8b465ee728b)
Start importing Assets/場景/房間/Image_4.004.png using Guid(6d93f9e6830f7a14aadc91f436e8385e) Importer(815301076,1909f56bfc062723c751e8b465ee728b) [PhysX] Initialized MultithreadedTaskDispatcher with 32 workers.
[PhysX] Initialized MultithreadedTaskDispatcher with 32 workers.
 -> (artifact id: 'e68ae2f58dd009f6b5c86e042e328781') in 0.005011 seconds
Number of updated asset objects reloaded before import = 0
Number of asset objects unloaded after import = 2
========================================================================
Received Import Request.
  Time since last request: 0.000013 seconds.
  path: Assets/場景/房間/Image_0.027.jpg
  artifactKey: Guid(be3d03abaa23bc44cb921264b9ca8b1b) Importer(815301076,1909f56bfc062723c751e8b465ee728b)
Start importing Assets/場景/房間/Image_0.027.jpg using Guid(be3d03abaa23bc44cb921264b9ca8b1b) Importer(815301076,1909f56bfc062723c751e8b465ee728b) [PhysX] Initialized MultithreadedTaskDispatcher with 32 workers.
[PhysX] Initialized MultithreadedTaskDispatcher with 32 workers.
 -> (artifact id: '4125821f7958d13f1bcb0c45ea95f90c') in 0.005454 seconds
Number of updated asset objects reloaded before import = 0
Number of asset objects unloaded after import = 2
========================================================================
Received Import Request.
  Time since last request: 0.000010 seconds.
  path: Assets/場景/房間/Image_14.001.jpg
  artifactKey: Guid(3c599aaafaaa51140bd902e2ab48ea0a) Importer(815301076,1909f56bfc062723c751e8b465ee728b)
Start importing Assets/場景/房間/Image_14.001.jpg using Guid(3c599aaafaaa51140bd902e2ab48ea0a) Importer(815301076,1909f56bfc062723c751e8b465ee728b) [PhysX] Initialized MultithreadedTaskDispatcher with 32 workers.
[PhysX] Initialized MultithreadedTaskDispatcher with 32 workers.
 -> (artifact id: 'eed5ac98621700328aa513984e8f1f94') in 0.003498 seconds
Number of updated asset objects reloaded before import = 0
Number of asset objects unloaded after import = 2
========================================================================
Received Import Request.
  Time since last request: 0.000009 seconds.
  path: Assets/場景/房間/Image_31.001.jpg
  artifactKey: Guid(f6c1e81d009227c458c4a69177bb8cbf) Importer(815301076,1909f56bfc062723c751e8b465ee728b)
Start importing Assets/場景/房間/Image_31.001.jpg using Guid(f6c1e81d009227c458c4a69177bb8cbf) Importer(815301076,1909f56bfc062723c751e8b465ee728b) [PhysX] Initialized MultithreadedTaskDispatcher with 32 workers.
[PhysX] Initialized MultithreadedTaskDispatcher with 32 workers.
 -> (artifact id: 'b735b0c8f17fc0d6e4ab83e086d1eba7') in 0.002795 seconds
Number of updated asset objects reloaded before import = 0
Number of asset objects unloaded after import = 2
========================================================================
Received Import Request.
  Time since last request: 0.000089 seconds.
  path: Assets/場景/房間/Image_6.002.png
  artifactKey: Guid(983f224a5bae9d44d98bd976eba24895) Importer(815301076,1909f56bfc062723c751e8b465ee728b)
Start importing Assets/場景/房間/Image_6.002.png using Guid(983f224a5bae9d44d98bd976eba24895) Importer(815301076,1909f56bfc062723c751e8b465ee728b) [PhysX] Initialized MultithreadedTaskDispatcher with 32 workers.
[PhysX] Initialized MultithreadedTaskDispatcher with 32 workers.
 -> (artifact id: 'a0956e41947221069a49060382ea7126') in 0.003338 seconds
Number of updated asset objects reloaded before import = 0
Number of asset objects unloaded after import = 2
========================================================================
Received Import Request.
  Time since last request: 0.000009 seconds.
  path: Assets/場景/房間/Image_1.005.png
  artifactKey: Guid(7f86934ddba9a5541aa1eafed64113b0) Importer(815301076,1909f56bfc062723c751e8b465ee728b)
Start importing Assets/場景/房間/Image_1.005.png using Guid(7f86934ddba9a5541aa1eafed64113b0) Importer(815301076,1909f56bfc062723c751e8b465ee728b) [PhysX] Initialized MultithreadedTaskDispatcher with 32 workers.
[PhysX] Initialized MultithreadedTaskDispatcher with 32 workers.
 -> (artifact id: '7c696e4396411547b48477b504e9d45c') in 0.003952 seconds
Number of updated asset objects reloaded before import = 0
Number of asset objects unloaded after import = 2
========================================================================
Received Import Request.
  Time since last request: 0.000009 seconds.
  path: Assets/場景/房間/old_chair_bcolor.png
  artifactKey: Guid(71e15eac97f8aeb408aed8709839b13d) Importer(815301076,1909f56bfc062723c751e8b465ee728b)
Start importing Assets/場景/房間/old_chair_bcolor.png using Guid(71e15eac97f8aeb408aed8709839b13d) Importer(815301076,1909f56bfc062723c751e8b465ee728b) [PhysX] Initialized MultithreadedTaskDispatcher with 32 workers.
[PhysX] Initialized MultithreadedTaskDispatcher with 32 workers.
 -> (artifact id: 'e3312a0b8b7e2430157aae75cda15cb1') in 0.004057 seconds
Number of updated asset objects reloaded before import = 0
Number of asset objects unloaded after import = 2
========================================================================
Received Import Request.
  Time since last request: 0.000010 seconds.
  path: Assets/場景/房間/Image_2.013.jpg
  artifactKey: Guid(312f62cac69b1db4baf4df22cfb3b121) Importer(815301076,1909f56bfc062723c751e8b465ee728b)
Start importing Assets/場景/房間/Image_2.013.jpg using Guid(312f62cac69b1db4baf4df22cfb3b121) Importer(815301076,1909f56bfc062723c751e8b465ee728b) [PhysX] Initialized MultithreadedTaskDispatcher with 32 workers.
[PhysX] Initialized MultithreadedTaskDispatcher with 32 workers.
 -> (artifact id: '1aa5fba999c5f40e49a3152fffab0aab') in 0.003782 seconds
Number of updated asset objects reloaded before import = 0
Number of asset objects unloaded after import = 2
========================================================================
Received Import Request.
  Time since last request: 0.000008 seconds.
  path: Assets/場景/房間/Image_7.png
  artifactKey: Guid(2e21127c6dabbfe44a92244811cd923b) Importer(815301076,1909f56bfc062723c751e8b465ee728b)
Start importing Assets/場景/房間/Image_7.png using Guid(2e21127c6dabbfe44a92244811cd923b) Importer(815301076,1909f56bfc062723c751e8b465ee728b) [PhysX] Initialized MultithreadedTaskDispatcher with 32 workers.
[PhysX] Initialized MultithreadedTaskDispatcher with 32 workers.
 -> (artifact id: '0746afb657a3c1325a8d2dfeaa047618') in 0.003569 seconds
Number of updated asset objects reloaded before import = 0
Number of asset objects unloaded after import = 2
========================================================================
Received Import Request.
  Time since last request: 0.000010 seconds.
  path: Assets/場景/房間/Image_0.034.jpg
  artifactKey: Guid(61d49d1e2240f684f8a3599e78812072) Importer(815301076,1909f56bfc062723c751e8b465ee728b)
Start importing Assets/場景/房間/Image_0.034.jpg using Guid(61d49d1e2240f684f8a3599e78812072) Importer(815301076,1909f56bfc062723c751e8b465ee728b) [PhysX] Initialized MultithreadedTaskDispatcher with 32 workers.
[PhysX] Initialized MultithreadedTaskDispatcher with 32 workers.
 -> (artifact id: '1b3d966d49e39bdf751051b082d990d8') in 0.003672 seconds
Number of updated asset objects reloaded before import = 0
Number of asset objects unloaded after import = 2
========================================================================
Received Import Request.
  Time since last request: 0.000009 seconds.
  path: Assets/場景/房間/Image_1.017.png
  artifactKey: Guid(49a526bc6eea1784ca7aac2b75d639b7) Importer(815301076,1909f56bfc062723c751e8b465ee728b)
Start importing Assets/場景/房間/Image_1.017.png using Guid(49a526bc6eea1784ca7aac2b75d639b7) Importer(815301076,1909f56bfc062723c751e8b465ee728b) [PhysX] Initialized MultithreadedTaskDispatcher with 32 workers.
[PhysX] Initialized MultithreadedTaskDispatcher with 32 workers.
 -> (artifact id: '21a0c8083d3cf29258d4fc7a405a82d4') in 0.003743 seconds
Number of updated asset objects reloaded before import = 0
Number of asset objects unloaded after import = 2
========================================================================
Received Import Request.
  Time since last request: 0.000008 seconds.
  path: Assets/場景/房間/Image_2.009.png
  artifactKey: Guid(d5607a0e735c3594881c6ea8db6272c7) Importer(815301076,1909f56bfc062723c751e8b465ee728b)
Start importing Assets/場景/房間/Image_2.009.png using Guid(d5607a0e735c3594881c6ea8db6272c7) Importer(815301076,1909f56bfc062723c751e8b465ee728b) [PhysX] Initialized MultithreadedTaskDispatcher with 32 workers.
[PhysX] Initialized MultithreadedTaskDispatcher with 32 workers.
 -> (artifact id: '0efb6915c3dc7f1887e49f78e74f5f23') in 0.004472 seconds
Number of updated asset objects reloaded before import = 0
Number of asset objects unloaded after import = 2
========================================================================
Received Import Request.
  Time since last request: 0.000009 seconds.
  path: Assets/場景/房間/Image_10.002.jpg
  artifactKey: Guid(aa475523ed7abdd4f95ffa8bbbfeea1a) Importer(815301076,1909f56bfc062723c751e8b465ee728b)
Start importing Assets/場景/房間/Image_10.002.jpg using Guid(aa475523ed7abdd4f95ffa8bbbfeea1a) Importer(815301076,1909f56bfc062723c751e8b465ee728b) [PhysX] Initialized MultithreadedTaskDispatcher with 32 workers.
[PhysX] Initialized MultithreadedTaskDispatcher with 32 workers.
 -> (artifact id: '4071ed959074900f0be1e992573ff0d5') in 0.003411 seconds
Number of updated asset objects reloaded before import = 0
Number of asset objects unloaded after import = 2
========================================================================
Received Import Request.
  Time since last request: 0.000009 seconds.
  path: Assets/場景/房間/Image_5.png
  artifactKey: Guid(cbb4e776daf40f049a8d06671ba8b2a1) Importer(815301076,1909f56bfc062723c751e8b465ee728b)
Start importing Assets/場景/房間/Image_5.png using Guid(cbb4e776daf40f049a8d06671ba8b2a1) Importer(815301076,1909f56bfc062723c751e8b465ee728b) [PhysX] Initialized MultithreadedTaskDispatcher with 32 workers.
[PhysX] Initialized MultithreadedTaskDispatcher with 32 workers.
 -> (artifact id: 'c1e8667c6845b61ed34f4f4139132b8d') in 0.003903 seconds
Number of updated asset objects reloaded before import = 0
Number of asset objects unloaded after import = 2
========================================================================
Received Import Request.
  Time since last request: 0.000010 seconds.
  path: Assets/場景/房間/Image_33.001.jpg
  artifactKey: Guid(4b0de8e444466594d8752e2241e6be7c) Importer(815301076,1909f56bfc062723c751e8b465ee728b)
Start importing Assets/場景/房間/Image_33.001.jpg using Guid(4b0de8e444466594d8752e2241e6be7c) Importer(815301076,1909f56bfc062723c751e8b465ee728b) [PhysX] Initialized MultithreadedTaskDispatcher with 32 workers.
[PhysX] Initialized MultithreadedTaskDispatcher with 32 workers.
 -> (artifact id: '6ccf5ccb1a24e80c6e7c6f49b6ff7ba9') in 0.002844 seconds
Number of updated asset objects reloaded before import = 0
Number of asset objects unloaded after import = 2
========================================================================
Received Import Request.
  Time since last request: 0.000008 seconds.
  path: Assets/場景/房間/Image_0.013.jpg
  artifactKey: Guid(e1672f1eab150d54aa4eae37cc48c247) Importer(815301076,1909f56bfc062723c751e8b465ee728b)
Start importing Assets/場景/房間/Image_0.013.jpg using Guid(e1672f1eab150d54aa4eae37cc48c247) Importer(815301076,1909f56bfc062723c751e8b465ee728b) [PhysX] Initialized MultithreadedTaskDispatcher with 32 workers.
[PhysX] Initialized MultithreadedTaskDispatcher with 32 workers.
 -> (artifact id: '531415b9cf4fbb858148c7c4fecea7eb') in 0.004029 seconds
Number of updated asset objects reloaded before import = 0
Number of asset objects unloaded after import = 2
========================================================================
Received Import Request.
  Time since last request: 0.000009 seconds.
  path: Assets/場景/房間/Image_4.001.png
  artifactKey: Guid(42e458ff916bf4f4c9788546e83302c3) Importer(815301076,1909f56bfc062723c751e8b465ee728b)
Start importing Assets/場景/房間/Image_4.001.png using Guid(42e458ff916bf4f4c9788546e83302c3) Importer(815301076,1909f56bfc062723c751e8b465ee728b) [PhysX] Initialized MultithreadedTaskDispatcher with 32 workers.
[PhysX] Initialized MultithreadedTaskDispatcher with 32 workers.
 -> (artifact id: '6aeb0cf0dd92672e718eb4af926692da') in 0.005142 seconds
Number of updated asset objects reloaded before import = 0
Number of asset objects unloaded after import = 2
========================================================================
Received Import Request.
  Time since last request: 0.000013 seconds.
  path: Assets/場景/房間/Image_11.png
  artifactKey: Guid(988da8e33f59a6b4988b5f95dace5c26) Importer(815301076,1909f56bfc062723c751e8b465ee728b)
Start importing Assets/場景/房間/Image_11.png using Guid(988da8e33f59a6b4988b5f95dace5c26) Importer(815301076,1909f56bfc062723c751e8b465ee728b) [PhysX] Initialized MultithreadedTaskDispatcher with 32 workers.
[PhysX] Initialized MultithreadedTaskDispatcher with 32 workers.
 -> (artifact id: '86b7729085d6a9a1850b542477a842fa') in 0.005163 seconds
Number of updated asset objects reloaded before import = 0
Number of asset objects unloaded after import = 2
========================================================================
Received Import Request.
  Time since last request: 0.000011 seconds.
  path: Assets/場景/房間/Image_0.030.jpg
  artifactKey: Guid(c441759dd68823c48b546e65a3f4f23a) Importer(815301076,1909f56bfc062723c751e8b465ee728b)
Start importing Assets/場景/房間/Image_0.030.jpg using Guid(c441759dd68823c48b546e65a3f4f23a) Importer(815301076,1909f56bfc062723c751e8b465ee728b) [PhysX] Initialized MultithreadedTaskDispatcher with 32 workers.
[PhysX] Initialized MultithreadedTaskDispatcher with 32 workers.
 -> (artifact id: '5859672f7dbfbfcf4d8b389bb1d2bf09') in 0.003807 seconds
Number of updated asset objects reloaded before import = 0
Number of asset objects unloaded after import = 2
========================================================================
Received Import Request.
  Time since last request: 0.000011 seconds.
  path: Assets/場景/房間/Image_2.010.png
  artifactKey: Guid(6ed5d4aaf85b7f8488dbfdc1f23ef0c2) Importer(815301076,1909f56bfc062723c751e8b465ee728b)
Start importing Assets/場景/房間/Image_2.010.png using Guid(6ed5d4aaf85b7f8488dbfdc1f23ef0c2) Importer(815301076,1909f56bfc062723c751e8b465ee728b) [PhysX] Initialized MultithreadedTaskDispatcher with 32 workers.
[PhysX] Initialized MultithreadedTaskDispatcher with 32 workers.
 -> (artifact id: 'b838c357d547343039aac53dbd5a438a') in 0.003716 seconds
Number of updated asset objects reloaded before import = 0
Number of asset objects unloaded after import = 2
========================================================================
Received Import Request.
  Time since last request: 0.000024 seconds.
  path: Assets/場景/房間/Image_24.png
  artifactKey: Guid(dd8f9803ba765274e82cfbd15b2b27bf) Importer(815301076,1909f56bfc062723c751e8b465ee728b)
Start importing Assets/場景/房間/Image_24.png using Guid(dd8f9803ba765274e82cfbd15b2b27bf) Importer(815301076,1909f56bfc062723c751e8b465ee728b) [PhysX] Initialized MultithreadedTaskDispatcher with 32 workers.
[PhysX] Initialized MultithreadedTaskDispatcher with 32 workers.
 -> (artifact id: '025a06a31ff478511175054945f15d83') in 0.003980 seconds
Number of updated asset objects reloaded before import = 0
Number of asset objects unloaded after import = 2
========================================================================
Received Import Request.
  Time since last request: 0.000023 seconds.
  path: Assets/場景/房間/Image_6.005.jpg
  artifactKey: Guid(c68bf6b19c718ee4f81c838addeece6e) Importer(815301076,1909f56bfc062723c751e8b465ee728b)
Start importing Assets/場景/房間/Image_6.005.jpg using Guid(c68bf6b19c718ee4f81c838addeece6e) Importer(815301076,1909f56bfc062723c751e8b465ee728b) [PhysX] Initialized MultithreadedTaskDispatcher with 32 workers.
[PhysX] Initialized MultithreadedTaskDispatcher with 32 workers.
 -> (artifact id: '729d359c5a82f5fab96dc37b168adae5') in 0.003773 seconds
Number of updated asset objects reloaded before import = 0
Number of asset objects unloaded after import = 2
========================================================================
Received Import Request.
  Time since last request: 0.000140 seconds.
  path: Assets/場景/房間/Image_37.jpg
  artifactKey: Guid(aa38ed12ec5f14f439b0bc74dbae97df) Importer(815301076,1909f56bfc062723c751e8b465ee728b)
Start importing Assets/場景/房間/Image_37.jpg using Guid(aa38ed12ec5f14f439b0bc74dbae97df) Importer(815301076,1909f56bfc062723c751e8b465ee728b) [PhysX] Initialized MultithreadedTaskDispatcher with 32 workers.
[PhysX] Initialized MultithreadedTaskDispatcher with 32 workers.
 -> (artifact id: 'de1c7f616984f3251f3f159dd56312d0') in 0.003104 seconds
Number of updated asset objects reloaded before import = 0
Number of asset objects unloaded after import = 2
========================================================================
Received Import Request.
  Time since last request: 0.000011 seconds.
  path: Assets/場景/房間/Image_25.png
  artifactKey: Guid(38065858528af6d479e690570dee3abd) Importer(815301076,1909f56bfc062723c751e8b465ee728b)
Start importing Assets/場景/房間/Image_25.png using Guid(38065858528af6d479e690570dee3abd) Importer(815301076,1909f56bfc062723c751e8b465ee728b) [PhysX] Initialized MultithreadedTaskDispatcher with 32 workers.
[PhysX] Initialized MultithreadedTaskDispatcher with 32 workers.
 -> (artifact id: '2123ecd89e9feede00cad601b128ab4f') in 0.004332 seconds
Number of updated asset objects reloaded before import = 0
Number of asset objects unloaded after import = 2
========================================================================
Received Import Request.
  Time since last request: 0.000010 seconds.
  path: Assets/場景/房間/Image_0.035.png
  artifactKey: Guid(a48a8901e3acc814e81de3c5df5d76fd) Importer(815301076,1909f56bfc062723c751e8b465ee728b)
Start importing Assets/場景/房間/Image_0.035.png using Guid(a48a8901e3acc814e81de3c5df5d76fd) Importer(815301076,1909f56bfc062723c751e8b465ee728b) [PhysX] Initialized MultithreadedTaskDispatcher with 32 workers.
[PhysX] Initialized MultithreadedTaskDispatcher with 32 workers.
 -> (artifact id: '59052ab70081ca7af688200decb92ee4') in 0.003706 seconds
Number of updated asset objects reloaded before import = 0
Number of asset objects unloaded after import = 2
========================================================================
Received Import Request.
  Time since last request: 0.000009 seconds.
  path: Assets/場景/房間/Image_5.003.png
  artifactKey: Guid(e923b78b68aa0094a81f8a0047eb0890) Importer(815301076,1909f56bfc062723c751e8b465ee728b)
Start importing Assets/場景/房間/Image_5.003.png using Guid(e923b78b68aa0094a81f8a0047eb0890) Importer(815301076,1909f56bfc062723c751e8b465ee728b) [PhysX] Initialized MultithreadedTaskDispatcher with 32 workers.
[PhysX] Initialized MultithreadedTaskDispatcher with 32 workers.
 -> (artifact id: '2bb1796b96a785fb11c2987e08402e5d') in 0.004706 seconds
Number of updated asset objects reloaded before import = 0
Number of asset objects unloaded after import = 2
========================================================================
Received Import Request.
  Time since last request: 0.000009 seconds.
  path: Assets/場景/房間/Image_13.png
  artifactKey: Guid(54261075e0b29714d88a45880715f5d3) Importer(815301076,1909f56bfc062723c751e8b465ee728b)
Start importing Assets/場景/房間/Image_13.png using Guid(54261075e0b29714d88a45880715f5d3) Importer(815301076,1909f56bfc062723c751e8b465ee728b) [PhysX] Initialized MultithreadedTaskDispatcher with 32 workers.
[PhysX] Initialized MultithreadedTaskDispatcher with 32 workers.
 -> (artifact id: '4be75dfc0a80ae3ee076427b3d72eb85') in 0.004304 seconds
Number of updated asset objects reloaded before import = 0
Number of asset objects unloaded after import = 2
========================================================================
Received Import Request.
  Time since last request: 0.000025 seconds.
  path: Assets/場景/房間/Image_19.png
  artifactKey: Guid(67fcedfa8463e9d4abb43ccfddea2304) Importer(815301076,1909f56bfc062723c751e8b465ee728b)
Start importing Assets/場景/房間/Image_19.png using Guid(67fcedfa8463e9d4abb43ccfddea2304) Importer(815301076,1909f56bfc062723c751e8b465ee728b) [PhysX] Initialized MultithreadedTaskDispatcher with 32 workers.
[PhysX] Initialized MultithreadedTaskDispatcher with 32 workers.
 -> (artifact id: '233e677764fae95b488aaa451ebe2b7e') in 0.004073 seconds
Number of updated asset objects reloaded before import = 0
Number of asset objects unloaded after import = 2
Editor requested this worker to shutdown with reason: Scaling down because of idle timeout
TcpMessagingSession - receive error: operation aborted. errorcode: 995, details: ]ε{nDAҥHw I/O ާ@C
AssetImportWorker is now disconnected from the server
Process exiting
Exiting without the bug reporter. Application will terminate with return code 0